#-----------------------------------------------------------
# Webtalk v2015.4 (64-bit)
# SW Build 1412921 on Wed Nov 18 09:44:32 MST 2015
# 
# Start of session at: Thu May 14 10:01:31 2020
# Process ID: 9477
# Current directory: /home/giuseppezynq/OpenSSD_ACC_V3/Project/GreedyHdf_acc_v3/webtalk
# Command line: wbtcv -mode batch -source sdk_webtalk.tcl
# Log file: /home/giuseppezynq/OpenSSD_ACC_V3/Project/GreedyHdf_acc_v3/webtalk/webtalk.log
# Journal file: /home/giuseppezynq/OpenSSD_ACC_V3/Project/GreedyHdf_acc_v3/webtalk/webtalk.jou
#-----------------------------------------------------------
source sdk_webtalk.tcl
# webtalk_init -webtalk_dir /home/giuseppezynq/OpenSSD_ACC_V3/Project/GreedyHdf_acc_v3/webtalk
# webtalk_register_client -client project
# webtalk_add_data -client project -key date_generated -value "Thu May 14 10:01:31 2020" -context "software_version_and_target_device"
# webtalk_add_data -client project -key product_version -value "SDK v2015.4" -context "software_version_and_target_device"
# webtalk_add_data -client project -key build_version -value "2015.4" -context "software_version_and_target_device"
# webtalk_add_data -client project -key os_platform -value "amd64" -context "software_version_and_target_device"
# webtalk_add_data -client project -key registration_id -value "" -context "software_version_and_target_device"
# webtalk_add_data -client project -key tool_flow -value "SDK" -context "software_version_and_target_device"
# webtalk_add_data -client project -key beta -value "false" -context "software_version_and_target_device"
# webtalk_add_data -client project -key route_design -value "NA" -context "software_version_and_target_device"
# webtalk_add_data -client project -key target_family -value "NA" -context "software_version_and_target_device"
# webtalk_add_data -client project -key target_device -value "NA" -context "software_version_and_target_device"
# webtalk_add_data -client project -key target_package -value "NA" -context "software_version_and_target_device"
# webtalk_add_data -client project -key target_speed -value "NA" -context "software_version_and_target_device"
# webtalk_add_data -client project -key random_id -value "t0o8j2i88vqnriv4aie0e51hrj" -context "software_version_and_target_device"
# webtalk_add_data -client project -key project_id -value "2015.4_23" -context "software_version_and_target_device"
# webtalk_add_data -client project -key project_iteration -value "23" -context "software_version_and_target_device"
# webtalk_add_data -client project -key os_name -value "" -context "user_environment"
# webtalk_add_data -client project -key os_release -value "" -context "user_environment"
# webtalk_add_data -client project -key cpu_name -value "" -context "user_environment"
# webtalk_add_data -client project -key cpu_speed -value "" -context "user_environment"
# webtalk_add_data -client project -key total_processors -value "" -context "user_environment"
# webtalk_add_data -client project -key system_ram -value "" -context "user_environment"
# webtalk_register_client -client sdk
# webtalk_add_data -client sdk -key uid -value "1589440919000" -context "sdk\\\\hardware/1589440919000"
# webtalk_add_data -client sdk -key isZynq -value "true" -context "sdk\\\\hardware/1589440919000"
# webtalk_add_data -client sdk -key Processors -value "2" -context "sdk\\\\hardware/1589440919000"
# webtalk_add_data -client sdk -key VivadoVersion -value "2015.4.2" -context "sdk\\\\hardware/1589440919000"
# webtalk_add_data -client sdk -key Arch -value "zynq" -context "sdk\\\\hardware/1589440919000"
# webtalk_add_data -client sdk -key Device -value "7z045" -context "sdk\\\\hardware/1589440919000"
# webtalk_add_data -client sdk -key IsHandoff -value "true" -context "sdk\\\\hardware/1589440919000"
# webtalk_add_data -client sdk -key uid -value "1589440984000" -context "sdk\\\\bsp/1589440984000"
# webtalk_add_data -client sdk -key hwid -value "1589440919000" -context "sdk\\\\bsp/1589440984000"
# webtalk_add_data -client sdk -key os -value "standalone" -context "sdk\\\\bsp/1589440984000"
# webtalk_add_data -client sdk -key apptemplate -value "empty_application" -context "sdk\\\\bsp/1589440984000"
# webtalk_add_data -client sdk -key uid -value "1589440986000" -context "sdk\\\\application/1589440986000"
# webtalk_add_data -client sdk -key hwid -value "1589440919000" -context "sdk\\\\application/1589440986000"
# webtalk_add_data -client sdk -key bspid -value "1589440984000" -context "sdk\\\\application/1589440986000"
# webtalk_add_data -client sdk -key newbsp -value "true" -context "sdk\\\\application/1589440986000"
# webtalk_add_data -client sdk -key os -value "standalone" -context "sdk\\\\application/1589440986000"
# webtalk_add_data -client sdk -key apptemplate -value "empty_application" -context "sdk\\\\application/1589440986000"
# webtalk_transmit -clientid 1295447962 -regid "" -xml /home/giuseppezynq/OpenSSD_ACC_V3/Project/GreedyHdf_acc_v3/webtalk/usage_statistics_ext_sdk.xml -html /home/giuseppezynq/OpenSSD_ACC_V3/Project/GreedyHdf_acc_v3/webtalk/usage_statistics_ext_sdk.html -wdm /home/giuseppezynq/OpenSSD_ACC_V3/Project/GreedyHdf_acc_v3/webtalk/sdk_webtalk.wdm -intro "<H3>SDK Usage Report</H3><BR>"
# webtalk_terminate
INFO: [Common 17-206] Exiting Webtalk at Thu May 14 10:01:32 2020...
