Copyright 1986-2015 Xilinx, Inc. All Rights Reserved.
--------------------------------------------------------------------------------------
| Tool Version : Vivado v.2015.4.2 (lin64) Build 1494164 Fri Feb 26 04:18:54 MST 2016
| Date         : Tue May 26 14:44:57 2020
| Host         : giuseppezynq-OptiPlex-9010 running 64-bit Ubuntu 14.04.6 LTS
| Command      : report_drc
--------------------------------------------------------------------------------------

Report DRC

Table of Contents
-----------------
1. REPORT SUMMARY
2. REPORT DETAILS

1. REPORT SUMMARY
-----------------
            Netlist: netlist
          Floorplan: design_1
      Design limits: <entire design considered>
           Ruledeck: default
             Max violations: <unlimited>
             Violations found: 80

2. REPORT DETAILS
-----------------
PDRC-190#1 Warning
Suboptimally placed synchronized register chain  
The FDCE cell dbg_hub/inst/CORE_XSDB.UUT_MASTER/U_ICON_INTERFACE/U_CMD4/shift_reg_in_reg[12] in site SLICE_X76Y224 is part of a synchronized register chain that is suboptimally placed as the load FDCE cell dbg_hub/inst/CORE_XSDB.UUT_MASTER/U_ICON_INTERFACE/U_CMD4/shift_reg_in_reg[11] is not placed in the same (SLICE) site.
Related violations: <none>

PDRC-190#2 Warning
Suboptimally placed synchronized register chain  
The FDCE cell dbg_hub/inst/CORE_XSDB.UUT_MASTER/U_ICON_INTERFACE/U_CMD4/shift_reg_in_reg[20] in site SLICE_X76Y223 is part of a synchronized register chain that is suboptimally placed as the load FDCE cell dbg_hub/inst/CORE_XSDB.UUT_MASTER/U_ICON_INTERFACE/U_CMD4/shift_reg_in_reg[19] is not placed in the same (SLICE) site.
Related violations: <none>

PDRC-190#3 Warning
Suboptimally placed synchronized register chain  
The FDCE cell dbg_hub/inst/CORE_XSDB.UUT_MASTER/U_ICON_INTERFACE/U_CMD4/shift_reg_in_reg[4] in site SLICE_X76Y225 is part of a synchronized register chain that is suboptimally placed as the load FDCE cell dbg_hub/inst/CORE_XSDB.UUT_MASTER/U_ICON_INTERFACE/U_CMD4/shift_reg_in_reg[3] is not placed in the same (SLICE) site.
Related violations: <none>

PDRC-190#4 Warning
Suboptimally placed synchronized register chain  
The FDCE cell dbg_hub/inst/CORE_XSDB.UUT_MASTER/U_ICON_INTERFACE/U_CMD5/shift_reg_in_reg[10] in site SLICE_X69Y216 is part of a synchronized register chain that is suboptimally placed as the load FDCE cell dbg_hub/inst/CORE_XSDB.UUT_MASTER/U_ICON_INTERFACE/U_CMD5/shift_reg_in_reg[9] is not placed in the same (SLICE) site.
Related violations: <none>

PDRC-190#5 Warning
Suboptimally placed synchronized register chain  
The FDCE cell dbg_hub/inst/CORE_XSDB.UUT_MASTER/U_ICON_INTERFACE/U_CMD5/shift_reg_in_reg[2] in site SLICE_X69Y217 is part of a synchronized register chain that is suboptimally placed as the load FDCE cell dbg_hub/inst/CORE_XSDB.UUT_MASTER/U_ICON_INTERFACE/U_CMD5/shift_reg_in_reg[1] is not placed in the same (SLICE) site.
Related violations: <none>

PDRC-190#6 Warning
Suboptimally placed synchronized register chain  
The FDCE cell dbg_hub/inst/CORE_XSDB.UUT_MASTER/U_ICON_INTERFACE/U_CMD7_CTL/shift_reg_in_reg[0] in site SLICE_X80Y225 is part of a synchronized register chain that is suboptimally placed as the load FDRE cell dbg_hub/inst/CORE_XSDB.UUT_MASTER/U_ICON_INTERFACE/U_CMD7_STAT/stat_reg_reg[0] is not placed in the same (SLICE) site.
Related violations: <none>

PLIO-7#1 Warning
Placement Constraints Check for IO constraints  
An IO Bus FIXED_IO_mio[53:0] with more than one IO standard is found. Components associated with this bus are: HSTL_I_18 (FIXED_IO_mio[27], FIXED_IO_mio[26], FIXED_IO_mio[25], FIXED_IO_mio[24], FIXED_IO_mio[23], FIXED_IO_mio[22], FIXED_IO_mio[21], FIXED_IO_mio[20], FIXED_IO_mio[19], FIXED_IO_mio[18], FIXED_IO_mio[17], FIXED_IO_mio[16]); LVCMOS18 (FIXED_IO_mio[53], FIXED_IO_mio[52], FIXED_IO_mio[51], FIXED_IO_mio[50], FIXED_IO_mio[49], FIXED_IO_mio[48], FIXED_IO_mio[47], FIXED_IO_mio[46], FIXED_IO_mio[45], FIXED_IO_mio[44], FIXED_IO_mio[43], FIXED_IO_mio[42], FIXED_IO_mio[41], FIXED_IO_mio[40], FIXED_IO_mio[39] (the first 15 of 42 listed)); 
Related violations: <none>

REQP-1839#1 Warning
RAMB36 async control check  
The RAMB36E1 NVMeHostController4L_0/inst/user_top_inst0/nvme_pcie_inst0/dma_if_inst0/dma_cmd_inst0/dma_cmd_fifo_inst0/ramb36sdp_0/genblk3_0.bram36_sdp_bl_2.bram36_sdp_bl_2 has an input control pin NVMeHostController4L_0/inst/user_top_inst0/nvme_pcie_inst0/dma_if_inst0/dma_cmd_inst0/dma_cmd_fifo_inst0/ramb36sdp_0/genblk3_0.bram36_sdp_bl_2.bram36_sdp_bl_2/ADDRBWRADDR[10] (net: NVMeHostController4L_0/inst/user_top_inst0/nvme_pcie_inst0/dma_if_inst0/dma_cmd_inst0/dma_cmd_fifo_inst0/ramb36sdp_0/Q[4]) which is driven by a register (NVMeHostController4L_0/inst/user_top_inst0/nvme_pcie_inst0/dma_if_inst0/dma_cmd_inst0/dma_cmd_fifo_inst0/r_rear_addr_reg[4]) that has an active asychronous set or reset. This may cause corruption of the memory contents and/or read values when the set/reset is asserted and is not analyzed by the default static timing analysis. It is suggested to eliminate the use of a set/reset to registers driving this RAMB pin or else use a synchronous reset in which the assertion of the reset is timed by default.
Related violations: <none>

REQP-1839#2 Warning
RAMB36 async control check  
The RAMB36E1 NVMeHostController4L_0/inst/user_top_inst0/nvme_pcie_inst0/dma_if_inst0/dma_cmd_inst0/dma_cmd_fifo_inst0/ramb36sdp_0/genblk3_0.bram36_sdp_bl_2.bram36_sdp_bl_2 has an input control pin NVMeHostController4L_0/inst/user_top_inst0/nvme_pcie_inst0/dma_if_inst0/dma_cmd_inst0/dma_cmd_fifo_inst0/ramb36sdp_0/genblk3_0.bram36_sdp_bl_2.bram36_sdp_bl_2/ADDRBWRADDR[11] (net: NVMeHostController4L_0/inst/user_top_inst0/nvme_pcie_inst0/dma_if_inst0/dma_cmd_inst0/dma_cmd_fifo_inst0/ramb36sdp_0/Q[5]) which is driven by a register (NVMeHostController4L_0/inst/user_top_inst0/nvme_pcie_inst0/dma_if_inst0/dma_cmd_inst0/dma_cmd_fifo_inst0/r_rear_addr_reg[5]) that has an active asychronous set or reset. This may cause corruption of the memory contents and/or read values when the set/reset is asserted and is not analyzed by the default static timing analysis. It is suggested to eliminate the use of a set/reset to registers driving this RAMB pin or else use a synchronous reset in which the assertion of the reset is timed by default.
Related violations: <none>

REQP-1839#3 Warning
RAMB36 async control check  
The RAMB36E1 NVMeHostController4L_0/inst/user_top_inst0/nvme_pcie_inst0/dma_if_inst0/dma_cmd_inst0/dma_cmd_fifo_inst0/ramb36sdp_0/genblk3_0.bram36_sdp_bl_2.bram36_sdp_bl_2 has an input control pin NVMeHostController4L_0/inst/user_top_inst0/nvme_pcie_inst0/dma_if_inst0/dma_cmd_inst0/dma_cmd_fifo_inst0/ramb36sdp_0/genblk3_0.bram36_sdp_bl_2.bram36_sdp_bl_2/ADDRBWRADDR[12] (net: NVMeHostController4L_0/inst/user_top_inst0/nvme_pcie_inst0/dma_if_inst0/dma_cmd_inst0/dma_cmd_fifo_inst0/ramb36sdp_0/Q[6]) which is driven by a register (NVMeHostController4L_0/inst/user_top_inst0/nvme_pcie_inst0/dma_if_inst0/dma_cmd_inst0/dma_cmd_fifo_inst0/r_rear_addr_reg[6]) that has an active asychronous set or reset. This may cause corruption of the memory contents and/or read values when the set/reset is asserted and is not analyzed by the default static timing analysis. It is suggested to eliminate the use of a set/reset to registers driving this RAMB pin or else use a synchronous reset in which the assertion of the reset is timed by default.
Related violations: <none>

REQP-1839#4 Warning
RAMB36 async control check  
The RAMB36E1 NVMeHostController4L_0/inst/user_top_inst0/nvme_pcie_inst0/dma_if_inst0/dma_cmd_inst0/dma_cmd_fifo_inst0/ramb36sdp_0/genblk3_0.bram36_sdp_bl_2.bram36_sdp_bl_2 has an input control pin NVMeHostController4L_0/inst/user_top_inst0/nvme_pcie_inst0/dma_if_inst0/dma_cmd_inst0/dma_cmd_fifo_inst0/ramb36sdp_0/genblk3_0.bram36_sdp_bl_2.bram36_sdp_bl_2/ADDRBWRADDR[13] (net: NVMeHostController4L_0/inst/user_top_inst0/nvme_pcie_inst0/dma_if_inst0/dma_cmd_inst0/dma_cmd_fifo_inst0/ramb36sdp_0/Q[7]) which is driven by a register (NVMeHostController4L_0/inst/user_top_inst0/nvme_pcie_inst0/dma_if_inst0/dma_cmd_inst0/dma_cmd_fifo_inst0/r_rear_addr_reg[7]) that has an active asychronous set or reset. This may cause corruption of the memory contents and/or read values when the set/reset is asserted and is not analyzed by the default static timing analysis. It is suggested to eliminate the use of a set/reset to registers driving this RAMB pin or else use a synchronous reset in which the assertion of the reset is timed by default.
Related violations: <none>

REQP-1839#5 Warning
RAMB36 async control check  
The RAMB36E1 NVMeHostController4L_0/inst/user_top_inst0/nvme_pcie_inst0/dma_if_inst0/dma_cmd_inst0/dma_cmd_fifo_inst0/ramb36sdp_0/genblk3_0.bram36_sdp_bl_2.bram36_sdp_bl_2 has an input control pin NVMeHostController4L_0/inst/user_top_inst0/nvme_pcie_inst0/dma_if_inst0/dma_cmd_inst0/dma_cmd_fifo_inst0/ramb36sdp_0/genblk3_0.bram36_sdp_bl_2.bram36_sdp_bl_2/ADDRBWRADDR[14] (net: NVMeHostController4L_0/inst/user_top_inst0/nvme_pcie_inst0/dma_if_inst0/dma_cmd_inst0/dma_cmd_fifo_inst0/ramb36sdp_0/Q[8]) which is driven by a register (NVMeHostController4L_0/inst/user_top_inst0/nvme_pcie_inst0/dma_if_inst0/dma_cmd_inst0/dma_cmd_fifo_inst0/r_rear_addr_reg[8]) that has an active asychronous set or reset. This may cause corruption of the memory contents and/or read values when the set/reset is asserted and is not analyzed by the default static timing analysis. It is suggested to eliminate the use of a set/reset to registers driving this RAMB pin or else use a synchronous reset in which the assertion of the reset is timed by default.
Related violations: <none>

REQP-1839#6 Warning
RAMB36 async control check  
The RAMB36E1 NVMeHostController4L_0/inst/user_top_inst0/nvme_pcie_inst0/dma_if_inst0/dma_cmd_inst0/dma_cmd_fifo_inst0/ramb36sdp_0/genblk3_0.bram36_sdp_bl_2.bram36_sdp_bl_2 has an input control pin NVMeHostController4L_0/inst/user_top_inst0/nvme_pcie_inst0/dma_if_inst0/dma_cmd_inst0/dma_cmd_fifo_inst0/ramb36sdp_0/genblk3_0.bram36_sdp_bl_2.bram36_sdp_bl_2/ADDRBWRADDR[6] (net: NVMeHostController4L_0/inst/user_top_inst0/nvme_pcie_inst0/dma_if_inst0/dma_cmd_inst0/dma_cmd_fifo_inst0/ramb36sdp_0/Q[0]) which is driven by a register (NVMeHostController4L_0/inst/user_top_inst0/nvme_pcie_inst0/dma_if_inst0/dma_cmd_inst0/dma_cmd_fifo_inst0/r_rear_addr_reg[0]) that has an active asychronous set or reset. This may cause corruption of the memory contents and/or read values when the set/reset is asserted and is not analyzed by the default static timing analysis. It is suggested to eliminate the use of a set/reset to registers driving this RAMB pin or else use a synchronous reset in which the assertion of the reset is timed by default.
Related violations: <none>

REQP-1839#7 Warning
RAMB36 async control check  
The RAMB36E1 NVMeHostController4L_0/inst/user_top_inst0/nvme_pcie_inst0/dma_if_inst0/dma_cmd_inst0/dma_cmd_fifo_inst0/ramb36sdp_0/genblk3_0.bram36_sdp_bl_2.bram36_sdp_bl_2 has an input control pin NVMeHostController4L_0/inst/user_top_inst0/nvme_pcie_inst0/dma_if_inst0/dma_cmd_inst0/dma_cmd_fifo_inst0/ramb36sdp_0/genblk3_0.bram36_sdp_bl_2.bram36_sdp_bl_2/ADDRBWRADDR[7] (net: NVMeHostController4L_0/inst/user_top_inst0/nvme_pcie_inst0/dma_if_inst0/dma_cmd_inst0/dma_cmd_fifo_inst0/ramb36sdp_0/Q[1]) which is driven by a register (NVMeHostController4L_0/inst/user_top_inst0/nvme_pcie_inst0/dma_if_inst0/dma_cmd_inst0/dma_cmd_fifo_inst0/r_rear_addr_reg[1]) that has an active asychronous set or reset. This may cause corruption of the memory contents and/or read values when the set/reset is asserted and is not analyzed by the default static timing analysis. It is suggested to eliminate the use of a set/reset to registers driving this RAMB pin or else use a synchronous reset in which the assertion of the reset is timed by default.
Related violations: <none>

REQP-1839#8 Warning
RAMB36 async control check  
The RAMB36E1 NVMeHostController4L_0/inst/user_top_inst0/nvme_pcie_inst0/dma_if_inst0/dma_cmd_inst0/dma_cmd_fifo_inst0/ramb36sdp_0/genblk3_0.bram36_sdp_bl_2.bram36_sdp_bl_2 has an input control pin NVMeHostController4L_0/inst/user_top_inst0/nvme_pcie_inst0/dma_if_inst0/dma_cmd_inst0/dma_cmd_fifo_inst0/ramb36sdp_0/genblk3_0.bram36_sdp_bl_2.bram36_sdp_bl_2/ADDRBWRADDR[8] (net: NVMeHostController4L_0/inst/user_top_inst0/nvme_pcie_inst0/dma_if_inst0/dma_cmd_inst0/dma_cmd_fifo_inst0/ramb36sdp_0/Q[2]) which is driven by a register (NVMeHostController4L_0/inst/user_top_inst0/nvme_pcie_inst0/dma_if_inst0/dma_cmd_inst0/dma_cmd_fifo_inst0/r_rear_addr_reg[2]) that has an active asychronous set or reset. This may cause corruption of the memory contents and/or read values when the set/reset is asserted and is not analyzed by the default static timing analysis. It is suggested to eliminate the use of a set/reset to registers driving this RAMB pin or else use a synchronous reset in which the assertion of the reset is timed by default.
Related violations: <none>

REQP-1839#9 Warning
RAMB36 async control check  
The RAMB36E1 NVMeHostController4L_0/inst/user_top_inst0/nvme_pcie_inst0/dma_if_inst0/dma_cmd_inst0/dma_cmd_fifo_inst0/ramb36sdp_0/genblk3_0.bram36_sdp_bl_2.bram36_sdp_bl_2 has an input control pin NVMeHostController4L_0/inst/user_top_inst0/nvme_pcie_inst0/dma_if_inst0/dma_cmd_inst0/dma_cmd_fifo_inst0/ramb36sdp_0/genblk3_0.bram36_sdp_bl_2.bram36_sdp_bl_2/ADDRBWRADDR[9] (net: NVMeHostController4L_0/inst/user_top_inst0/nvme_pcie_inst0/dma_if_inst0/dma_cmd_inst0/dma_cmd_fifo_inst0/ramb36sdp_0/Q[3]) which is driven by a register (NVMeHostController4L_0/inst/user_top_inst0/nvme_pcie_inst0/dma_if_inst0/dma_cmd_inst0/dma_cmd_fifo_inst0/r_rear_addr_reg[3]) that has an active asychronous set or reset. This may cause corruption of the memory contents and/or read values when the set/reset is asserted and is not analyzed by the default static timing analysis. It is suggested to eliminate the use of a set/reset to registers driving this RAMB pin or else use a synchronous reset in which the assertion of the reset is timed by default.
Related violations: <none>

REQP-1839#10 Warning
RAMB36 async control check  
The RAMB36E1 NVMeHostController4L_0/inst/user_top_inst0/nvme_pcie_inst0/dma_if_inst0/pcie_tx_dma_inst0/pcie_tx_fifo_inst0/ramb36sdp_0/genblk3_0.bram36_sdp_bl_2.bram36_sdp_bl_2 has an input control pin NVMeHostController4L_0/inst/user_top_inst0/nvme_pcie_inst0/dma_if_inst0/pcie_tx_dma_inst0/pcie_tx_fifo_inst0/ramb36sdp_0/genblk3_0.bram36_sdp_bl_2.bram36_sdp_bl_2/ADDRBWRADDR[10] (net: NVMeHostController4L_0/inst/user_top_inst0/nvme_pcie_inst0/dma_if_inst0/pcie_tx_dma_inst0/pcie_tx_fifo_inst0/ramb36sdp_0/Q[4]) which is driven by a register (NVMeHostController4L_0/inst/user_top_inst0/nvme_pcie_inst0/dma_if_inst0/pcie_tx_dma_inst0/pcie_tx_fifo_inst0/r_rear_addr_reg[5]) that has an active asychronous set or reset. This may cause corruption of the memory contents and/or read values when the set/reset is asserted and is not analyzed by the default static timing analysis. It is suggested to eliminate the use of a set/reset to registers driving this RAMB pin or else use a synchronous reset in which the assertion of the reset is timed by default.
Related violations: <none>

REQP-1839#11 Warning
RAMB36 async control check  
The RAMB36E1 NVMeHostController4L_0/inst/user_top_inst0/nvme_pcie_inst0/dma_if_inst0/pcie_tx_dma_inst0/pcie_tx_fifo_inst0/ramb36sdp_0/genblk3_0.bram36_sdp_bl_2.bram36_sdp_bl_2 has an input control pin NVMeHostController4L_0/inst/user_top_inst0/nvme_pcie_inst0/dma_if_inst0/pcie_tx_dma_inst0/pcie_tx_fifo_inst0/ramb36sdp_0/genblk3_0.bram36_sdp_bl_2.bram36_sdp_bl_2/ADDRBWRADDR[11] (net: NVMeHostController4L_0/inst/user_top_inst0/nvme_pcie_inst0/dma_if_inst0/pcie_tx_dma_inst0/pcie_tx_fifo_inst0/ramb36sdp_0/Q[5]) which is driven by a register (NVMeHostController4L_0/inst/user_top_inst0/nvme_pcie_inst0/dma_if_inst0/pcie_tx_dma_inst0/pcie_tx_fifo_inst0/r_rear_addr_reg[6]) that has an active asychronous set or reset. This may cause corruption of the memory contents and/or read values when the set/reset is asserted and is not analyzed by the default static timing analysis. It is suggested to eliminate the use of a set/reset to registers driving this RAMB pin or else use a synchronous reset in which the assertion of the reset is timed by default.
Related violations: <none>

REQP-1839#12 Warning
RAMB36 async control check  
The RAMB36E1 NVMeHostController4L_0/inst/user_top_inst0/nvme_pcie_inst0/dma_if_inst0/pcie_tx_dma_inst0/pcie_tx_fifo_inst0/ramb36sdp_0/genblk3_0.bram36_sdp_bl_2.bram36_sdp_bl_2 has an input control pin NVMeHostController4L_0/inst/user_top_inst0/nvme_pcie_inst0/dma_if_inst0/pcie_tx_dma_inst0/pcie_tx_fifo_inst0/ramb36sdp_0/genblk3_0.bram36_sdp_bl_2.bram36_sdp_bl_2/ADDRBWRADDR[12] (net: NVMeHostController4L_0/inst/user_top_inst0/nvme_pcie_inst0/dma_if_inst0/pcie_tx_dma_inst0/pcie_tx_fifo_inst0/ramb36sdp_0/Q[6]) which is driven by a register (NVMeHostController4L_0/inst/user_top_inst0/nvme_pcie_inst0/dma_if_inst0/pcie_tx_dma_inst0/pcie_tx_fifo_inst0/r_rear_addr_reg[7]) that has an active asychronous set or reset. This may cause corruption of the memory contents and/or read values when the set/reset is asserted and is not analyzed by the default static timing analysis. It is suggested to eliminate the use of a set/reset to registers driving this RAMB pin or else use a synchronous reset in which the assertion of the reset is timed by default.
Related violations: <none>

REQP-1839#13 Warning
RAMB36 async control check  
The RAMB36E1 NVMeHostController4L_0/inst/user_top_inst0/nvme_pcie_inst0/dma_if_inst0/pcie_tx_dma_inst0/pcie_tx_fifo_inst0/ramb36sdp_0/genblk3_0.bram36_sdp_bl_2.bram36_sdp_bl_2 has an input control pin NVMeHostController4L_0/inst/user_top_inst0/nvme_pcie_inst0/dma_if_inst0/pcie_tx_dma_inst0/pcie_tx_fifo_inst0/ramb36sdp_0/genblk3_0.bram36_sdp_bl_2.bram36_sdp_bl_2/ADDRBWRADDR[13] (net: NVMeHostController4L_0/inst/user_top_inst0/nvme_pcie_inst0/dma_if_inst0/pcie_tx_dma_inst0/pcie_tx_fifo_inst0/ramb36sdp_0/Q[7]) which is driven by a register (NVMeHostController4L_0/inst/user_top_inst0/nvme_pcie_inst0/dma_if_inst0/pcie_tx_dma_inst0/pcie_tx_fifo_inst0/r_rear_addr_reg[8]) that has an active asychronous set or reset. This may cause corruption of the memory contents and/or read values when the set/reset is asserted and is not analyzed by the default static timing analysis. It is suggested to eliminate the use of a set/reset to registers driving this RAMB pin or else use a synchronous reset in which the assertion of the reset is timed by default.
Related violations: <none>

REQP-1839#14 Warning
RAMB36 async control check  
The RAMB36E1 NVMeHostController4L_0/inst/user_top_inst0/nvme_pcie_inst0/dma_if_inst0/pcie_tx_dma_inst0/pcie_tx_fifo_inst0/ramb36sdp_0/genblk3_0.bram36_sdp_bl_2.bram36_sdp_bl_2 has an input control pin NVMeHostController4L_0/inst/user_top_inst0/nvme_pcie_inst0/dma_if_inst0/pcie_tx_dma_inst0/pcie_tx_fifo_inst0/ramb36sdp_0/genblk3_0.bram36_sdp_bl_2.bram36_sdp_bl_2/ADDRBWRADDR[14] (net: NVMeHostController4L_0/inst/user_top_inst0/nvme_pcie_inst0/dma_if_inst0/pcie_tx_dma_inst0/pcie_tx_fifo_inst0/ramb36sdp_0/Q[8]) which is driven by a register (NVMeHostController4L_0/inst/user_top_inst0/nvme_pcie_inst0/dma_if_inst0/pcie_tx_dma_inst0/pcie_tx_fifo_inst0/r_rear_addr_reg[9]) that has an active asychronous set or reset. This may cause corruption of the memory contents and/or read values when the set/reset is asserted and is not analyzed by the default static timing analysis. It is suggested to eliminate the use of a set/reset to registers driving this RAMB pin or else use a synchronous reset in which the assertion of the reset is timed by default.
Related violations: <none>

REQP-1839#15 Warning
RAMB36 async control check  
The RAMB36E1 NVMeHostController4L_0/inst/user_top_inst0/nvme_pcie_inst0/dma_if_inst0/pcie_tx_dma_inst0/pcie_tx_fifo_inst0/ramb36sdp_0/genblk3_0.bram36_sdp_bl_2.bram36_sdp_bl_2 has an input control pin NVMeHostController4L_0/inst/user_top_inst0/nvme_pcie_inst0/dma_if_inst0/pcie_tx_dma_inst0/pcie_tx_fifo_inst0/ramb36sdp_0/genblk3_0.bram36_sdp_bl_2.bram36_sdp_bl_2/ADDRBWRADDR[6] (net: NVMeHostController4L_0/inst/user_top_inst0/nvme_pcie_inst0/dma_if_inst0/pcie_tx_dma_inst0/pcie_tx_fifo_inst0/ramb36sdp_0/Q[0]) which is driven by a register (NVMeHostController4L_0/inst/user_top_inst0/nvme_pcie_inst0/dma_if_inst0/pcie_tx_dma_inst0/pcie_tx_fifo_inst0/r_rear_addr_reg[1]) that has an active asychronous set or reset. This may cause corruption of the memory contents and/or read values when the set/reset is asserted and is not analyzed by the default static timing analysis. It is suggested to eliminate the use of a set/reset to registers driving this RAMB pin or else use a synchronous reset in which the assertion of the reset is timed by default.
Related violations: <none>

REQP-1839#16 Warning
RAMB36 async control check  
The RAMB36E1 NVMeHostController4L_0/inst/user_top_inst0/nvme_pcie_inst0/dma_if_inst0/pcie_tx_dma_inst0/pcie_tx_fifo_inst0/ramb36sdp_0/genblk3_0.bram36_sdp_bl_2.bram36_sdp_bl_2 has an input control pin NVMeHostController4L_0/inst/user_top_inst0/nvme_pcie_inst0/dma_if_inst0/pcie_tx_dma_inst0/pcie_tx_fifo_inst0/ramb36sdp_0/genblk3_0.bram36_sdp_bl_2.bram36_sdp_bl_2/ADDRBWRADDR[7] (net: NVMeHostController4L_0/inst/user_top_inst0/nvme_pcie_inst0/dma_if_inst0/pcie_tx_dma_inst0/pcie_tx_fifo_inst0/ramb36sdp_0/Q[1]) which is driven by a register (NVMeHostController4L_0/inst/user_top_inst0/nvme_pcie_inst0/dma_if_inst0/pcie_tx_dma_inst0/pcie_tx_fifo_inst0/r_rear_addr_reg[2]) that has an active asychronous set or reset. This may cause corruption of the memory contents and/or read values when the set/reset is asserted and is not analyzed by the default static timing analysis. It is suggested to eliminate the use of a set/reset to registers driving this RAMB pin or else use a synchronous reset in which the assertion of the reset is timed by default.
Related violations: <none>

REQP-1839#17 Warning
RAMB36 async control check  
The RAMB36E1 NVMeHostController4L_0/inst/user_top_inst0/nvme_pcie_inst0/dma_if_inst0/pcie_tx_dma_inst0/pcie_tx_fifo_inst0/ramb36sdp_0/genblk3_0.bram36_sdp_bl_2.bram36_sdp_bl_2 has an input control pin NVMeHostController4L_0/inst/user_top_inst0/nvme_pcie_inst0/dma_if_inst0/pcie_tx_dma_inst0/pcie_tx_fifo_inst0/ramb36sdp_0/genblk3_0.bram36_sdp_bl_2.bram36_sdp_bl_2/ADDRBWRADDR[8] (net: NVMeHostController4L_0/inst/user_top_inst0/nvme_pcie_inst0/dma_if_inst0/pcie_tx_dma_inst0/pcie_tx_fifo_inst0/ramb36sdp_0/Q[2]) which is driven by a register (NVMeHostController4L_0/inst/user_top_inst0/nvme_pcie_inst0/dma_if_inst0/pcie_tx_dma_inst0/pcie_tx_fifo_inst0/r_rear_addr_reg[3]) that has an active asychronous set or reset. This may cause corruption of the memory contents and/or read values when the set/reset is asserted and is not analyzed by the default static timing analysis. It is suggested to eliminate the use of a set/reset to registers driving this RAMB pin or else use a synchronous reset in which the assertion of the reset is timed by default.
Related violations: <none>

REQP-1839#18 Warning
RAMB36 async control check  
The RAMB36E1 NVMeHostController4L_0/inst/user_top_inst0/nvme_pcie_inst0/dma_if_inst0/pcie_tx_dma_inst0/pcie_tx_fifo_inst0/ramb36sdp_0/genblk3_0.bram36_sdp_bl_2.bram36_sdp_bl_2 has an input control pin NVMeHostController4L_0/inst/user_top_inst0/nvme_pcie_inst0/dma_if_inst0/pcie_tx_dma_inst0/pcie_tx_fifo_inst0/ramb36sdp_0/genblk3_0.bram36_sdp_bl_2.bram36_sdp_bl_2/ADDRBWRADDR[9] (net: NVMeHostController4L_0/inst/user_top_inst0/nvme_pcie_inst0/dma_if_inst0/pcie_tx_dma_inst0/pcie_tx_fifo_inst0/ramb36sdp_0/Q[3]) which is driven by a register (NVMeHostController4L_0/inst/user_top_inst0/nvme_pcie_inst0/dma_if_inst0/pcie_tx_dma_inst0/pcie_tx_fifo_inst0/r_rear_addr_reg[4]) that has an active asychronous set or reset. This may cause corruption of the memory contents and/or read values when the set/reset is asserted and is not analyzed by the default static timing analysis. It is suggested to eliminate the use of a set/reset to registers driving this RAMB pin or else use a synchronous reset in which the assertion of the reset is timed by default.
Related violations: <none>

REQP-1839#19 Warning
RAMB36 async control check  
The RAMB36E1 NVMeHostController4L_0/inst/user_top_inst0/nvme_pcie_inst0/dma_if_inst0/pcie_tx_dma_inst0/pcie_tx_fifo_inst0/ramb36sdp_1/genblk3_0.bram36_sdp_bl_2.bram36_sdp_bl_2 has an input control pin NVMeHostController4L_0/inst/user_top_inst0/nvme_pcie_inst0/dma_if_inst0/pcie_tx_dma_inst0/pcie_tx_fifo_inst0/ramb36sdp_1/genblk3_0.bram36_sdp_bl_2.bram36_sdp_bl_2/ADDRBWRADDR[10] (net: NVMeHostController4L_0/inst/user_top_inst0/nvme_pcie_inst0/dma_if_inst0/pcie_tx_dma_inst0/pcie_tx_fifo_inst0/ramb36sdp_1/Q[5]) which is driven by a register (NVMeHostController4L_0/inst/user_top_inst0/nvme_pcie_inst0/dma_if_inst0/pcie_tx_dma_inst0/pcie_tx_fifo_inst0/r_rear_addr_reg[5]) that has an active asychronous set or reset. This may cause corruption of the memory contents and/or read values when the set/reset is asserted and is not analyzed by the default static timing analysis. It is suggested to eliminate the use of a set/reset to registers driving this RAMB pin or else use a synchronous reset in which the assertion of the reset is timed by default.
Related violations: <none>

REQP-1839#20 Warning
RAMB36 async control check  
The RAMB36E1 NVMeHostController4L_0/inst/user_top_inst0/nvme_pcie_inst0/dma_if_inst0/pcie_tx_dma_inst0/pcie_tx_fifo_inst0/ramb36sdp_1/genblk3_0.bram36_sdp_bl_2.bram36_sdp_bl_2 has an input control pin NVMeHostController4L_0/inst/user_top_inst0/nvme_pcie_inst0/dma_if_inst0/pcie_tx_dma_inst0/pcie_tx_fifo_inst0/ramb36sdp_1/genblk3_0.bram36_sdp_bl_2.bram36_sdp_bl_2/ADDRBWRADDR[11] (net: NVMeHostController4L_0/inst/user_top_inst0/nvme_pcie_inst0/dma_if_inst0/pcie_tx_dma_inst0/pcie_tx_fifo_inst0/ramb36sdp_1/Q[6]) which is driven by a register (NVMeHostController4L_0/inst/user_top_inst0/nvme_pcie_inst0/dma_if_inst0/pcie_tx_dma_inst0/pcie_tx_fifo_inst0/r_rear_addr_reg[6]) that has an active asychronous set or reset. This may cause corruption of the memory contents and/or read values when the set/reset is asserted and is not analyzed by the default static timing analysis. It is suggested to eliminate the use of a set/reset to registers driving this RAMB pin or else use a synchronous reset in which the assertion of the reset is timed by default.
Related violations: <none>

REQP-1839#21 Warning
RAMB36 async control check  
The RAMB36E1 NVMeHostController4L_0/inst/user_top_inst0/nvme_pcie_inst0/dma_if_inst0/pcie_tx_dma_inst0/pcie_tx_fifo_inst0/ramb36sdp_1/genblk3_0.bram36_sdp_bl_2.bram36_sdp_bl_2 has an input control pin NVMeHostController4L_0/inst/user_top_inst0/nvme_pcie_inst0/dma_if_inst0/pcie_tx_dma_inst0/pcie_tx_fifo_inst0/ramb36sdp_1/genblk3_0.bram36_sdp_bl_2.bram36_sdp_bl_2/ADDRBWRADDR[12] (net: NVMeHostController4L_0/inst/user_top_inst0/nvme_pcie_inst0/dma_if_inst0/pcie_tx_dma_inst0/pcie_tx_fifo_inst0/ramb36sdp_1/Q[7]) which is driven by a register (NVMeHostController4L_0/inst/user_top_inst0/nvme_pcie_inst0/dma_if_inst0/pcie_tx_dma_inst0/pcie_tx_fifo_inst0/r_rear_addr_reg[7]) that has an active asychronous set or reset. This may cause corruption of the memory contents and/or read values when the set/reset is asserted and is not analyzed by the default static timing analysis. It is suggested to eliminate the use of a set/reset to registers driving this RAMB pin or else use a synchronous reset in which the assertion of the reset is timed by default.
Related violations: <none>

REQP-1839#22 Warning
RAMB36 async control check  
The RAMB36E1 NVMeHostController4L_0/inst/user_top_inst0/nvme_pcie_inst0/dma_if_inst0/pcie_tx_dma_inst0/pcie_tx_fifo_inst0/ramb36sdp_1/genblk3_0.bram36_sdp_bl_2.bram36_sdp_bl_2 has an input control pin NVMeHostController4L_0/inst/user_top_inst0/nvme_pcie_inst0/dma_if_inst0/pcie_tx_dma_inst0/pcie_tx_fifo_inst0/ramb36sdp_1/genblk3_0.bram36_sdp_bl_2.bram36_sdp_bl_2/ADDRBWRADDR[13] (net: NVMeHostController4L_0/inst/user_top_inst0/nvme_pcie_inst0/dma_if_inst0/pcie_tx_dma_inst0/pcie_tx_fifo_inst0/ramb36sdp_1/Q[8]) which is driven by a register (NVMeHostController4L_0/inst/user_top_inst0/nvme_pcie_inst0/dma_if_inst0/pcie_tx_dma_inst0/pcie_tx_fifo_inst0/r_rear_addr_reg[8]) that has an active asychronous set or reset. This may cause corruption of the memory contents and/or read values when the set/reset is asserted and is not analyzed by the default static timing analysis. It is suggested to eliminate the use of a set/reset to registers driving this RAMB pin or else use a synchronous reset in which the assertion of the reset is timed by default.
Related violations: <none>

REQP-1839#23 Warning
RAMB36 async control check  
The RAMB36E1 NVMeHostController4L_0/inst/user_top_inst0/nvme_pcie_inst0/dma_if_inst0/pcie_tx_dma_inst0/pcie_tx_fifo_inst0/ramb36sdp_1/genblk3_0.bram36_sdp_bl_2.bram36_sdp_bl_2 has an input control pin NVMeHostController4L_0/inst/user_top_inst0/nvme_pcie_inst0/dma_if_inst0/pcie_tx_dma_inst0/pcie_tx_fifo_inst0/ramb36sdp_1/genblk3_0.bram36_sdp_bl_2.bram36_sdp_bl_2/ADDRBWRADDR[14] (net: NVMeHostController4L_0/inst/user_top_inst0/nvme_pcie_inst0/dma_if_inst0/pcie_tx_dma_inst0/pcie_tx_fifo_inst0/ramb36sdp_1/Q[9]) which is driven by a register (NVMeHostController4L_0/inst/user_top_inst0/nvme_pcie_inst0/dma_if_inst0/pcie_tx_dma_inst0/pcie_tx_fifo_inst0/r_rear_addr_reg[9]) that has an active asychronous set or reset. This may cause corruption of the memory contents and/or read values when the set/reset is asserted and is not analyzed by the default static timing analysis. It is suggested to eliminate the use of a set/reset to registers driving this RAMB pin or else use a synchronous reset in which the assertion of the reset is timed by default.
Related violations: <none>

REQP-1839#24 Warning
RAMB36 async control check  
The RAMB36E1 NVMeHostController4L_0/inst/user_top_inst0/nvme_pcie_inst0/dma_if_inst0/pcie_tx_dma_inst0/pcie_tx_fifo_inst0/ramb36sdp_1/genblk3_0.bram36_sdp_bl_2.bram36_sdp_bl_2 has an input control pin NVMeHostController4L_0/inst/user_top_inst0/nvme_pcie_inst0/dma_if_inst0/pcie_tx_dma_inst0/pcie_tx_fifo_inst0/ramb36sdp_1/genblk3_0.bram36_sdp_bl_2.bram36_sdp_bl_2/ADDRBWRADDR[6] (net: NVMeHostController4L_0/inst/user_top_inst0/nvme_pcie_inst0/dma_if_inst0/pcie_tx_dma_inst0/pcie_tx_fifo_inst0/ramb36sdp_1/Q[1]) which is driven by a register (NVMeHostController4L_0/inst/user_top_inst0/nvme_pcie_inst0/dma_if_inst0/pcie_tx_dma_inst0/pcie_tx_fifo_inst0/r_rear_addr_reg[1]) that has an active asychronous set or reset. This may cause corruption of the memory contents and/or read values when the set/reset is asserted and is not analyzed by the default static timing analysis. It is suggested to eliminate the use of a set/reset to registers driving this RAMB pin or else use a synchronous reset in which the assertion of the reset is timed by default.
Related violations: <none>

REQP-1839#25 Warning
RAMB36 async control check  
The RAMB36E1 NVMeHostController4L_0/inst/user_top_inst0/nvme_pcie_inst0/dma_if_inst0/pcie_tx_dma_inst0/pcie_tx_fifo_inst0/ramb36sdp_1/genblk3_0.bram36_sdp_bl_2.bram36_sdp_bl_2 has an input control pin NVMeHostController4L_0/inst/user_top_inst0/nvme_pcie_inst0/dma_if_inst0/pcie_tx_dma_inst0/pcie_tx_fifo_inst0/ramb36sdp_1/genblk3_0.bram36_sdp_bl_2.bram36_sdp_bl_2/ADDRBWRADDR[7] (net: NVMeHostController4L_0/inst/user_top_inst0/nvme_pcie_inst0/dma_if_inst0/pcie_tx_dma_inst0/pcie_tx_fifo_inst0/ramb36sdp_1/Q[2]) which is driven by a register (NVMeHostController4L_0/inst/user_top_inst0/nvme_pcie_inst0/dma_if_inst0/pcie_tx_dma_inst0/pcie_tx_fifo_inst0/r_rear_addr_reg[2]) that has an active asychronous set or reset. This may cause corruption of the memory contents and/or read values when the set/reset is asserted and is not analyzed by the default static timing analysis. It is suggested to eliminate the use of a set/reset to registers driving this RAMB pin or else use a synchronous reset in which the assertion of the reset is timed by default.
Related violations: <none>

REQP-1839#26 Warning
RAMB36 async control check  
The RAMB36E1 NVMeHostController4L_0/inst/user_top_inst0/nvme_pcie_inst0/dma_if_inst0/pcie_tx_dma_inst0/pcie_tx_fifo_inst0/ramb36sdp_1/genblk3_0.bram36_sdp_bl_2.bram36_sdp_bl_2 has an input control pin NVMeHostController4L_0/inst/user_top_inst0/nvme_pcie_inst0/dma_if_inst0/pcie_tx_dma_inst0/pcie_tx_fifo_inst0/ramb36sdp_1/genblk3_0.bram36_sdp_bl_2.bram36_sdp_bl_2/ADDRBWRADDR[8] (net: NVMeHostController4L_0/inst/user_top_inst0/nvme_pcie_inst0/dma_if_inst0/pcie_tx_dma_inst0/pcie_tx_fifo_inst0/ramb36sdp_1/Q[3]) which is driven by a register (NVMeHostController4L_0/inst/user_top_inst0/nvme_pcie_inst0/dma_if_inst0/pcie_tx_dma_inst0/pcie_tx_fifo_inst0/r_rear_addr_reg[3]) that has an active asychronous set or reset. This may cause corruption of the memory contents and/or read values when the set/reset is asserted and is not analyzed by the default static timing analysis. It is suggested to eliminate the use of a set/reset to registers driving this RAMB pin or else use a synchronous reset in which the assertion of the reset is timed by default.
Related violations: <none>

REQP-1839#27 Warning
RAMB36 async control check  
The RAMB36E1 NVMeHostController4L_0/inst/user_top_inst0/nvme_pcie_inst0/dma_if_inst0/pcie_tx_dma_inst0/pcie_tx_fifo_inst0/ramb36sdp_1/genblk3_0.bram36_sdp_bl_2.bram36_sdp_bl_2 has an input control pin NVMeHostController4L_0/inst/user_top_inst0/nvme_pcie_inst0/dma_if_inst0/pcie_tx_dma_inst0/pcie_tx_fifo_inst0/ramb36sdp_1/genblk3_0.bram36_sdp_bl_2.bram36_sdp_bl_2/ADDRBWRADDR[9] (net: NVMeHostController4L_0/inst/user_top_inst0/nvme_pcie_inst0/dma_if_inst0/pcie_tx_dma_inst0/pcie_tx_fifo_inst0/ramb36sdp_1/Q[4]) which is driven by a register (NVMeHostController4L_0/inst/user_top_inst0/nvme_pcie_inst0/dma_if_inst0/pcie_tx_dma_inst0/pcie_tx_fifo_inst0/r_rear_addr_reg[4]) that has an active asychronous set or reset. This may cause corruption of the memory contents and/or read values when the set/reset is asserted and is not analyzed by the default static timing analysis. It is suggested to eliminate the use of a set/reset to registers driving this RAMB pin or else use a synchronous reset in which the assertion of the reset is timed by default.
Related violations: <none>

REQP-1839#28 Warning
RAMB36 async control check  
The RAMB36E1 NVMeHostController4L_0/inst/user_top_inst0/nvme_pcie_inst0/pcie_cntl_slave_inst0/pcie_cntl_rx_fifo_inst0/ramb36sdp_0/genblk3_0.bram36_sdp_bl_2.bram36_sdp_bl_2 has an input control pin NVMeHostController4L_0/inst/user_top_inst0/nvme_pcie_inst0/pcie_cntl_slave_inst0/pcie_cntl_rx_fifo_inst0/ramb36sdp_0/genblk3_0.bram36_sdp_bl_2.bram36_sdp_bl_2/ADDRBWRADDR[10] (net: NVMeHostController4L_0/inst/user_top_inst0/nvme_pcie_inst0/pcie_cntl_slave_inst0/pcie_cntl_rx_fifo_inst0/ramb36sdp_0/Q[4]) which is driven by a register (NVMeHostController4L_0/inst/user_top_inst0/nvme_pcie_inst0/pcie_cntl_slave_inst0/pcie_cntl_rx_fifo_inst0/r_rear_addr_reg[4]) that has an active asychronous set or reset. This may cause corruption of the memory contents and/or read values when the set/reset is asserted and is not analyzed by the default static timing analysis. It is suggested to eliminate the use of a set/reset to registers driving this RAMB pin or else use a synchronous reset in which the assertion of the reset is timed by default.
Related violations: <none>

REQP-1839#29 Warning
RAMB36 async control check  
The RAMB36E1 NVMeHostController4L_0/inst/user_top_inst0/nvme_pcie_inst0/pcie_cntl_slave_inst0/pcie_cntl_rx_fifo_inst0/ramb36sdp_0/genblk3_0.bram36_sdp_bl_2.bram36_sdp_bl_2 has an input control pin NVMeHostController4L_0/inst/user_top_inst0/nvme_pcie_inst0/pcie_cntl_slave_inst0/pcie_cntl_rx_fifo_inst0/ramb36sdp_0/genblk3_0.bram36_sdp_bl_2.bram36_sdp_bl_2/ADDRBWRADDR[6] (net: NVMeHostController4L_0/inst/user_top_inst0/nvme_pcie_inst0/pcie_cntl_slave_inst0/pcie_cntl_rx_fifo_inst0/ramb36sdp_0/Q[0]) which is driven by a register (NVMeHostController4L_0/inst/user_top_inst0/nvme_pcie_inst0/pcie_cntl_slave_inst0/pcie_cntl_rx_fifo_inst0/r_rear_addr_reg[0]) that has an active asychronous set or reset. This may cause corruption of the memory contents and/or read values when the set/reset is asserted and is not analyzed by the default static timing analysis. It is suggested to eliminate the use of a set/reset to registers driving this RAMB pin or else use a synchronous reset in which the assertion of the reset is timed by default.
Related violations: <none>

REQP-1839#30 Warning
RAMB36 async control check  
The RAMB36E1 NVMeHostController4L_0/inst/user_top_inst0/nvme_pcie_inst0/pcie_cntl_slave_inst0/pcie_cntl_rx_fifo_inst0/ramb36sdp_0/genblk3_0.bram36_sdp_bl_2.bram36_sdp_bl_2 has an input control pin NVMeHostController4L_0/inst/user_top_inst0/nvme_pcie_inst0/pcie_cntl_slave_inst0/pcie_cntl_rx_fifo_inst0/ramb36sdp_0/genblk3_0.bram36_sdp_bl_2.bram36_sdp_bl_2/ADDRBWRADDR[7] (net: NVMeHostController4L_0/inst/user_top_inst0/nvme_pcie_inst0/pcie_cntl_slave_inst0/pcie_cntl_rx_fifo_inst0/ramb36sdp_0/Q[1]) which is driven by a register (NVMeHostController4L_0/inst/user_top_inst0/nvme_pcie_inst0/pcie_cntl_slave_inst0/pcie_cntl_rx_fifo_inst0/r_rear_addr_reg[1]) that has an active asychronous set or reset. This may cause corruption of the memory contents and/or read values when the set/reset is asserted and is not analyzed by the default static timing analysis. It is suggested to eliminate the use of a set/reset to registers driving this RAMB pin or else use a synchronous reset in which the assertion of the reset is timed by default.
Related violations: <none>

REQP-1839#31 Warning
RAMB36 async control check  
The RAMB36E1 NVMeHostController4L_0/inst/user_top_inst0/nvme_pcie_inst0/pcie_cntl_slave_inst0/pcie_cntl_rx_fifo_inst0/ramb36sdp_0/genblk3_0.bram36_sdp_bl_2.bram36_sdp_bl_2 has an input control pin NVMeHostController4L_0/inst/user_top_inst0/nvme_pcie_inst0/pcie_cntl_slave_inst0/pcie_cntl_rx_fifo_inst0/ramb36sdp_0/genblk3_0.bram36_sdp_bl_2.bram36_sdp_bl_2/ADDRBWRADDR[8] (net: NVMeHostController4L_0/inst/user_top_inst0/nvme_pcie_inst0/pcie_cntl_slave_inst0/pcie_cntl_rx_fifo_inst0/ramb36sdp_0/Q[2]) which is driven by a register (NVMeHostController4L_0/inst/user_top_inst0/nvme_pcie_inst0/pcie_cntl_slave_inst0/pcie_cntl_rx_fifo_inst0/r_rear_addr_reg[2]) that has an active asychronous set or reset. This may cause corruption of the memory contents and/or read values when the set/reset is asserted and is not analyzed by the default static timing analysis. It is suggested to eliminate the use of a set/reset to registers driving this RAMB pin or else use a synchronous reset in which the assertion of the reset is timed by default.
Related violations: <none>

REQP-1839#32 Warning
RAMB36 async control check  
The RAMB36E1 NVMeHostController4L_0/inst/user_top_inst0/nvme_pcie_inst0/pcie_cntl_slave_inst0/pcie_cntl_rx_fifo_inst0/ramb36sdp_0/genblk3_0.bram36_sdp_bl_2.bram36_sdp_bl_2 has an input control pin NVMeHostController4L_0/inst/user_top_inst0/nvme_pcie_inst0/pcie_cntl_slave_inst0/pcie_cntl_rx_fifo_inst0/ramb36sdp_0/genblk3_0.bram36_sdp_bl_2.bram36_sdp_bl_2/ADDRBWRADDR[9] (net: NVMeHostController4L_0/inst/user_top_inst0/nvme_pcie_inst0/pcie_cntl_slave_inst0/pcie_cntl_rx_fifo_inst0/ramb36sdp_0/Q[3]) which is driven by a register (NVMeHostController4L_0/inst/user_top_inst0/nvme_pcie_inst0/pcie_cntl_slave_inst0/pcie_cntl_rx_fifo_inst0/r_rear_addr_reg[3]) that has an active asychronous set or reset. This may cause corruption of the memory contents and/or read values when the set/reset is asserted and is not analyzed by the default static timing analysis. It is suggested to eliminate the use of a set/reset to registers driving this RAMB pin or else use a synchronous reset in which the assertion of the reset is timed by default.
Related violations: <none>

REQP-1839#33 Warning
RAMB36 async control check  
The RAMB36E1 NVMeHostController4L_0/inst/user_top_inst0/nvme_pcie_inst0/pcie_cntl_slave_inst0/pcie_cntl_rx_fifo_inst0/ramb36sdp_1/genblk3_0.bram36_sdp_bl_2.bram36_sdp_bl_2 has an input control pin NVMeHostController4L_0/inst/user_top_inst0/nvme_pcie_inst0/pcie_cntl_slave_inst0/pcie_cntl_rx_fifo_inst0/ramb36sdp_1/genblk3_0.bram36_sdp_bl_2.bram36_sdp_bl_2/ADDRBWRADDR[10] (net: NVMeHostController4L_0/inst/user_top_inst0/nvme_pcie_inst0/pcie_cntl_slave_inst0/pcie_cntl_rx_fifo_inst0/ramb36sdp_1/Q[4]) which is driven by a register (NVMeHostController4L_0/inst/user_top_inst0/nvme_pcie_inst0/pcie_cntl_slave_inst0/pcie_cntl_rx_fifo_inst0/r_rear_addr_reg[4]) that has an active asychronous set or reset. This may cause corruption of the memory contents and/or read values when the set/reset is asserted and is not analyzed by the default static timing analysis. It is suggested to eliminate the use of a set/reset to registers driving this RAMB pin or else use a synchronous reset in which the assertion of the reset is timed by default.
Related violations: <none>

REQP-1839#34 Warning
RAMB36 async control check  
The RAMB36E1 NVMeHostController4L_0/inst/user_top_inst0/nvme_pcie_inst0/pcie_cntl_slave_inst0/pcie_cntl_rx_fifo_inst0/ramb36sdp_1/genblk3_0.bram36_sdp_bl_2.bram36_sdp_bl_2 has an input control pin NVMeHostController4L_0/inst/user_top_inst0/nvme_pcie_inst0/pcie_cntl_slave_inst0/pcie_cntl_rx_fifo_inst0/ramb36sdp_1/genblk3_0.bram36_sdp_bl_2.bram36_sdp_bl_2/ADDRBWRADDR[6] (net: NVMeHostController4L_0/inst/user_top_inst0/nvme_pcie_inst0/pcie_cntl_slave_inst0/pcie_cntl_rx_fifo_inst0/ramb36sdp_1/Q[0]) which is driven by a register (NVMeHostController4L_0/inst/user_top_inst0/nvme_pcie_inst0/pcie_cntl_slave_inst0/pcie_cntl_rx_fifo_inst0/r_rear_addr_reg[0]) that has an active asychronous set or reset. This may cause corruption of the memory contents and/or read values when the set/reset is asserted and is not analyzed by the default static timing analysis. It is suggested to eliminate the use of a set/reset to registers driving this RAMB pin or else use a synchronous reset in which the assertion of the reset is timed by default.
Related violations: <none>

REQP-1839#35 Warning
RAMB36 async control check  
The RAMB36E1 NVMeHostController4L_0/inst/user_top_inst0/nvme_pcie_inst0/pcie_cntl_slave_inst0/pcie_cntl_rx_fifo_inst0/ramb36sdp_1/genblk3_0.bram36_sdp_bl_2.bram36_sdp_bl_2 has an input control pin NVMeHostController4L_0/inst/user_top_inst0/nvme_pcie_inst0/pcie_cntl_slave_inst0/pcie_cntl_rx_fifo_inst0/ramb36sdp_1/genblk3_0.bram36_sdp_bl_2.bram36_sdp_bl_2/ADDRBWRADDR[7] (net: NVMeHostController4L_0/inst/user_top_inst0/nvme_pcie_inst0/pcie_cntl_slave_inst0/pcie_cntl_rx_fifo_inst0/ramb36sdp_1/Q[1]) which is driven by a register (NVMeHostController4L_0/inst/user_top_inst0/nvme_pcie_inst0/pcie_cntl_slave_inst0/pcie_cntl_rx_fifo_inst0/r_rear_addr_reg[1]) that has an active asychronous set or reset. This may cause corruption of the memory contents and/or read values when the set/reset is asserted and is not analyzed by the default static timing analysis. It is suggested to eliminate the use of a set/reset to registers driving this RAMB pin or else use a synchronous reset in which the assertion of the reset is timed by default.
Related violations: <none>

REQP-1839#36 Warning
RAMB36 async control check  
The RAMB36E1 NVMeHostController4L_0/inst/user_top_inst0/nvme_pcie_inst0/pcie_cntl_slave_inst0/pcie_cntl_rx_fifo_inst0/ramb36sdp_1/genblk3_0.bram36_sdp_bl_2.bram36_sdp_bl_2 has an input control pin NVMeHostController4L_0/inst/user_top_inst0/nvme_pcie_inst0/pcie_cntl_slave_inst0/pcie_cntl_rx_fifo_inst0/ramb36sdp_1/genblk3_0.bram36_sdp_bl_2.bram36_sdp_bl_2/ADDRBWRADDR[8] (net: NVMeHostController4L_0/inst/user_top_inst0/nvme_pcie_inst0/pcie_cntl_slave_inst0/pcie_cntl_rx_fifo_inst0/ramb36sdp_1/Q[2]) which is driven by a register (NVMeHostController4L_0/inst/user_top_inst0/nvme_pcie_inst0/pcie_cntl_slave_inst0/pcie_cntl_rx_fifo_inst0/r_rear_addr_reg[2]) that has an active asychronous set or reset. This may cause corruption of the memory contents and/or read values when the set/reset is asserted and is not analyzed by the default static timing analysis. It is suggested to eliminate the use of a set/reset to registers driving this RAMB pin or else use a synchronous reset in which the assertion of the reset is timed by default.
Related violations: <none>

REQP-1839#37 Warning
RAMB36 async control check  
The RAMB36E1 NVMeHostController4L_0/inst/user_top_inst0/nvme_pcie_inst0/pcie_cntl_slave_inst0/pcie_cntl_rx_fifo_inst0/ramb36sdp_1/genblk3_0.bram36_sdp_bl_2.bram36_sdp_bl_2 has an input control pin NVMeHostController4L_0/inst/user_top_inst0/nvme_pcie_inst0/pcie_cntl_slave_inst0/pcie_cntl_rx_fifo_inst0/ramb36sdp_1/genblk3_0.bram36_sdp_bl_2.bram36_sdp_bl_2/ADDRBWRADDR[9] (net: NVMeHostController4L_0/inst/user_top_inst0/nvme_pcie_inst0/pcie_cntl_slave_inst0/pcie_cntl_rx_fifo_inst0/ramb36sdp_1/Q[3]) which is driven by a register (NVMeHostController4L_0/inst/user_top_inst0/nvme_pcie_inst0/pcie_cntl_slave_inst0/pcie_cntl_rx_fifo_inst0/r_rear_addr_reg[3]) that has an active asychronous set or reset. This may cause corruption of the memory contents and/or read values when the set/reset is asserted and is not analyzed by the default static timing analysis. It is suggested to eliminate the use of a set/reset to registers driving this RAMB pin or else use a synchronous reset in which the assertion of the reset is timed by default.
Related violations: <none>

REQP-1840#1 Warning
RAMB18 async control check  
The RAMB18E1 NVMeHostController4L_0/inst/user_top_inst0/nvme_pcie_inst0/dma_if_inst0/dma_cmd_inst0/dma_done_fifo_inst0/ramb18sdp_0/genblk3_0.bram18_sdp_bl_3.bram18_sdp_bl_3 has an input control pin NVMeHostController4L_0/inst/user_top_inst0/nvme_pcie_inst0/dma_if_inst0/dma_cmd_inst0/dma_done_fifo_inst0/ramb18sdp_0/genblk3_0.bram18_sdp_bl_3.bram18_sdp_bl_3/ADDRBWRADDR[5] (net: NVMeHostController4L_0/inst/user_top_inst0/nvme_pcie_inst0/dma_if_inst0/dma_cmd_inst0/dma_done_fifo_inst0/ramb18sdp_0/Q[0]) which is driven by a register (NVMeHostController4L_0/inst/user_top_inst0/nvme_pcie_inst0/dma_if_inst0/dma_cmd_inst0/dma_done_fifo_inst0/r_rear_addr_reg[0]) that has an active asychronous set or reset. This may cause corruption of the memory contents and/or read values when the set/reset is asserted and is not analyzed by the default static timing analysis. It is suggested to eliminate the use of a set/reset to registers driving this RAMB pin or else use a synchronous reset in which the assertion of the reset is timed by default.
Related violations: <none>

REQP-1840#2 Warning
RAMB18 async control check  
The RAMB18E1 NVMeHostController4L_0/inst/user_top_inst0/nvme_pcie_inst0/dma_if_inst0/dma_cmd_inst0/dma_done_fifo_inst0/ramb18sdp_0/genblk3_0.bram18_sdp_bl_3.bram18_sdp_bl_3 has an input control pin NVMeHostController4L_0/inst/user_top_inst0/nvme_pcie_inst0/dma_if_inst0/dma_cmd_inst0/dma_done_fifo_inst0/ramb18sdp_0/genblk3_0.bram18_sdp_bl_3.bram18_sdp_bl_3/ADDRBWRADDR[6] (net: NVMeHostController4L_0/inst/user_top_inst0/nvme_pcie_inst0/dma_if_inst0/dma_cmd_inst0/dma_done_fifo_inst0/ramb18sdp_0/Q[1]) which is driven by a register (NVMeHostController4L_0/inst/user_top_inst0/nvme_pcie_inst0/dma_if_inst0/dma_cmd_inst0/dma_done_fifo_inst0/r_rear_addr_reg[1]) that has an active asychronous set or reset. This may cause corruption of the memory contents and/or read values when the set/reset is asserted and is not analyzed by the default static timing analysis. It is suggested to eliminate the use of a set/reset to registers driving this RAMB pin or else use a synchronous reset in which the assertion of the reset is timed by default.
Related violations: <none>

REQP-1840#3 Warning
RAMB18 async control check  
The RAMB18E1 NVMeHostController4L_0/inst/user_top_inst0/nvme_pcie_inst0/dma_if_inst0/dma_cmd_inst0/dma_done_fifo_inst0/ramb18sdp_0/genblk3_0.bram18_sdp_bl_3.bram18_sdp_bl_3 has an input control pin NVMeHostController4L_0/inst/user_top_inst0/nvme_pcie_inst0/dma_if_inst0/dma_cmd_inst0/dma_done_fifo_inst0/ramb18sdp_0/genblk3_0.bram18_sdp_bl_3.bram18_sdp_bl_3/ADDRBWRADDR[7] (net: NVMeHostController4L_0/inst/user_top_inst0/nvme_pcie_inst0/dma_if_inst0/dma_cmd_inst0/dma_done_fifo_inst0/ramb18sdp_0/Q[2]) which is driven by a register (NVMeHostController4L_0/inst/user_top_inst0/nvme_pcie_inst0/dma_if_inst0/dma_cmd_inst0/dma_done_fifo_inst0/r_rear_addr_reg[2]) that has an active asychronous set or reset. This may cause corruption of the memory contents and/or read values when the set/reset is asserted and is not analyzed by the default static timing analysis. It is suggested to eliminate the use of a set/reset to registers driving this RAMB pin or else use a synchronous reset in which the assertion of the reset is timed by default.
Related violations: <none>

REQP-1840#4 Warning
RAMB18 async control check  
The RAMB18E1 NVMeHostController4L_0/inst/user_top_inst0/nvme_pcie_inst0/dma_if_inst0/dma_cmd_inst0/dma_done_fifo_inst0/ramb18sdp_0/genblk3_0.bram18_sdp_bl_3.bram18_sdp_bl_3 has an input control pin NVMeHostController4L_0/inst/user_top_inst0/nvme_pcie_inst0/dma_if_inst0/dma_cmd_inst0/dma_done_fifo_inst0/ramb18sdp_0/genblk3_0.bram18_sdp_bl_3.bram18_sdp_bl_3/ADDRBWRADDR[8] (net: NVMeHostController4L_0/inst/user_top_inst0/nvme_pcie_inst0/dma_if_inst0/dma_cmd_inst0/dma_done_fifo_inst0/ramb18sdp_0/Q[3]) which is driven by a register (NVMeHostController4L_0/inst/user_top_inst0/nvme_pcie_inst0/dma_if_inst0/dma_cmd_inst0/dma_done_fifo_inst0/r_rear_addr_reg[3]) that has an active asychronous set or reset. This may cause corruption of the memory contents and/or read values when the set/reset is asserted and is not analyzed by the default static timing analysis. It is suggested to eliminate the use of a set/reset to registers driving this RAMB pin or else use a synchronous reset in which the assertion of the reset is timed by default.
Related violations: <none>

REQP-1840#5 Warning
RAMB18 async control check  
The RAMB18E1 NVMeHostController4L_0/inst/user_top_inst0/nvme_pcie_inst0/dma_if_inst0/dma_cmd_inst0/pcie_dma_cmd_fifo_inst0/ramb18sdp_0/genblk3_0.bram18_sdp_bl_3.bram18_sdp_bl_3 has an input control pin NVMeHostController4L_0/inst/user_top_inst0/nvme_pcie_inst0/dma_if_inst0/dma_cmd_inst0/pcie_dma_cmd_fifo_inst0/ramb18sdp_0/genblk3_0.bram18_sdp_bl_3.bram18_sdp_bl_3/ADDRBWRADDR[5] (net: NVMeHostController4L_0/inst/user_top_inst0/nvme_pcie_inst0/dma_if_inst0/dma_cmd_inst0/pcie_dma_cmd_fifo_inst0/ramb18sdp_0/Q[0]) which is driven by a register (NVMeHostController4L_0/inst/user_top_inst0/nvme_pcie_inst0/dma_if_inst0/dma_cmd_inst0/pcie_dma_cmd_fifo_inst0/r_rear_addr_reg[0]) that has an active asychronous set or reset. This may cause corruption of the memory contents and/or read values when the set/reset is asserted and is not analyzed by the default static timing analysis. It is suggested to eliminate the use of a set/reset to registers driving this RAMB pin or else use a synchronous reset in which the assertion of the reset is timed by default.
Related violations: <none>

REQP-1840#6 Warning
RAMB18 async control check  
The RAMB18E1 NVMeHostController4L_0/inst/user_top_inst0/nvme_pcie_inst0/dma_if_inst0/dma_cmd_inst0/pcie_dma_cmd_fifo_inst0/ramb18sdp_0/genblk3_0.bram18_sdp_bl_3.bram18_sdp_bl_3 has an input control pin NVMeHostController4L_0/inst/user_top_inst0/nvme_pcie_inst0/dma_if_inst0/dma_cmd_inst0/pcie_dma_cmd_fifo_inst0/ramb18sdp_0/genblk3_0.bram18_sdp_bl_3.bram18_sdp_bl_3/ADDRBWRADDR[6] (net: NVMeHostController4L_0/inst/user_top_inst0/nvme_pcie_inst0/dma_if_inst0/dma_cmd_inst0/pcie_dma_cmd_fifo_inst0/ramb18sdp_0/Q[1]) which is driven by a register (NVMeHostController4L_0/inst/user_top_inst0/nvme_pcie_inst0/dma_if_inst0/dma_cmd_inst0/pcie_dma_cmd_fifo_inst0/r_rear_addr_reg[1]) that has an active asychronous set or reset. This may cause corruption of the memory contents and/or read values when the set/reset is asserted and is not analyzed by the default static timing analysis. It is suggested to eliminate the use of a set/reset to registers driving this RAMB pin or else use a synchronous reset in which the assertion of the reset is timed by default.
Related violations: <none>

REQP-1840#7 Warning
RAMB18 async control check  
The RAMB18E1 NVMeHostController4L_0/inst/user_top_inst0/nvme_pcie_inst0/dma_if_inst0/dma_cmd_inst0/pcie_dma_cmd_fifo_inst0/ramb18sdp_0/genblk3_0.bram18_sdp_bl_3.bram18_sdp_bl_3 has an input control pin NVMeHostController4L_0/inst/user_top_inst0/nvme_pcie_inst0/dma_if_inst0/dma_cmd_inst0/pcie_dma_cmd_fifo_inst0/ramb18sdp_0/genblk3_0.bram18_sdp_bl_3.bram18_sdp_bl_3/ADDRBWRADDR[7] (net: NVMeHostController4L_0/inst/user_top_inst0/nvme_pcie_inst0/dma_if_inst0/dma_cmd_inst0/pcie_dma_cmd_fifo_inst0/ramb18sdp_0/Q[2]) which is driven by a register (NVMeHostController4L_0/inst/user_top_inst0/nvme_pcie_inst0/dma_if_inst0/dma_cmd_inst0/pcie_dma_cmd_fifo_inst0/r_rear_addr_reg[2]) that has an active asychronous set or reset. This may cause corruption of the memory contents and/or read values when the set/reset is asserted and is not analyzed by the default static timing analysis. It is suggested to eliminate the use of a set/reset to registers driving this RAMB pin or else use a synchronous reset in which the assertion of the reset is timed by default.
Related violations: <none>

REQP-1840#8 Warning
RAMB18 async control check  
The RAMB18E1 NVMeHostController4L_0/inst/user_top_inst0/nvme_pcie_inst0/dma_if_inst0/dma_cmd_inst0/pcie_dma_cmd_fifo_inst0/ramb18sdp_0/genblk3_0.bram18_sdp_bl_3.bram18_sdp_bl_3 has an input control pin NVMeHostController4L_0/inst/user_top_inst0/nvme_pcie_inst0/dma_if_inst0/dma_cmd_inst0/pcie_dma_cmd_fifo_inst0/ramb18sdp_0/genblk3_0.bram18_sdp_bl_3.bram18_sdp_bl_3/ADDRBWRADDR[8] (net: NVMeHostController4L_0/inst/user_top_inst0/nvme_pcie_inst0/dma_if_inst0/dma_cmd_inst0/pcie_dma_cmd_fifo_inst0/ramb18sdp_0/Q[3]) which is driven by a register (NVMeHostController4L_0/inst/user_top_inst0/nvme_pcie_inst0/dma_if_inst0/dma_cmd_inst0/pcie_dma_cmd_fifo_inst0/r_rear_addr_reg[3]) that has an active asychronous set or reset. This may cause corruption of the memory contents and/or read values when the set/reset is asserted and is not analyzed by the default static timing analysis. It is suggested to eliminate the use of a set/reset to registers driving this RAMB pin or else use a synchronous reset in which the assertion of the reset is timed by default.
Related violations: <none>

REQP-1840#9 Warning
RAMB18 async control check  
The RAMB18E1 NVMeHostController4L_0/inst/user_top_inst0/nvme_pcie_inst0/dma_if_inst0/dma_cmd_inst0/pcie_dma_cmd_fifo_inst0/ramb18sdp_0/genblk3_0.bram18_sdp_bl_3.bram18_sdp_bl_3 has an input control pin NVMeHostController4L_0/inst/user_top_inst0/nvme_pcie_inst0/dma_if_inst0/dma_cmd_inst0/pcie_dma_cmd_fifo_inst0/ramb18sdp_0/genblk3_0.bram18_sdp_bl_3.bram18_sdp_bl_3/ADDRBWRADDR[9] (net: NVMeHostController4L_0/inst/user_top_inst0/nvme_pcie_inst0/dma_if_inst0/dma_cmd_inst0/pcie_dma_cmd_fifo_inst0/ramb18sdp_0/Q[4]) which is driven by a register (NVMeHostController4L_0/inst/user_top_inst0/nvme_pcie_inst0/dma_if_inst0/dma_cmd_inst0/pcie_dma_cmd_fifo_inst0/r_rear_addr_reg[4]) that has an active asychronous set or reset. This may cause corruption of the memory contents and/or read values when the set/reset is asserted and is not analyzed by the default static timing analysis. It is suggested to eliminate the use of a set/reset to registers driving this RAMB pin or else use a synchronous reset in which the assertion of the reset is timed by default.
Related violations: <none>

REQP-1840#10 Warning
RAMB18 async control check  
The RAMB18E1 NVMeHostController4L_0/inst/user_top_inst0/nvme_pcie_inst0/dma_if_inst0/pcie_rx_dma_inst0/pcie_rx_cmd_fifo_inst0/ramb18sdp_0/genblk3_0.bram18_sdp_bl_3.bram18_sdp_bl_3 has an input control pin NVMeHostController4L_0/inst/user_top_inst0/nvme_pcie_inst0/dma_if_inst0/pcie_rx_dma_inst0/pcie_rx_cmd_fifo_inst0/ramb18sdp_0/genblk3_0.bram18_sdp_bl_3.bram18_sdp_bl_3/ADDRBWRADDR[5] (net: NVMeHostController4L_0/inst/user_top_inst0/nvme_pcie_inst0/dma_if_inst0/pcie_rx_dma_inst0/pcie_rx_cmd_fifo_inst0/ramb18sdp_0/Q[0]) which is driven by a register (NVMeHostController4L_0/inst/user_top_inst0/nvme_pcie_inst0/dma_if_inst0/pcie_rx_dma_inst0/pcie_rx_cmd_fifo_inst0/r_rear_addr_reg[0]) that has an active asychronous set or reset. This may cause corruption of the memory contents and/or read values when the set/reset is asserted and is not analyzed by the default static timing analysis. It is suggested to eliminate the use of a set/reset to registers driving this RAMB pin or else use a synchronous reset in which the assertion of the reset is timed by default.
Related violations: <none>

REQP-1840#11 Warning
RAMB18 async control check  
The RAMB18E1 NVMeHostController4L_0/inst/user_top_inst0/nvme_pcie_inst0/dma_if_inst0/pcie_rx_dma_inst0/pcie_rx_cmd_fifo_inst0/ramb18sdp_0/genblk3_0.bram18_sdp_bl_3.bram18_sdp_bl_3 has an input control pin NVMeHostController4L_0/inst/user_top_inst0/nvme_pcie_inst0/dma_if_inst0/pcie_rx_dma_inst0/pcie_rx_cmd_fifo_inst0/ramb18sdp_0/genblk3_0.bram18_sdp_bl_3.bram18_sdp_bl_3/ADDRBWRADDR[6] (net: NVMeHostController4L_0/inst/user_top_inst0/nvme_pcie_inst0/dma_if_inst0/pcie_rx_dma_inst0/pcie_rx_cmd_fifo_inst0/ramb18sdp_0/Q[1]) which is driven by a register (NVMeHostController4L_0/inst/user_top_inst0/nvme_pcie_inst0/dma_if_inst0/pcie_rx_dma_inst0/pcie_rx_cmd_fifo_inst0/r_rear_addr_reg[1]) that has an active asychronous set or reset. This may cause corruption of the memory contents and/or read values when the set/reset is asserted and is not analyzed by the default static timing analysis. It is suggested to eliminate the use of a set/reset to registers driving this RAMB pin or else use a synchronous reset in which the assertion of the reset is timed by default.
Related violations: <none>

REQP-1840#12 Warning
RAMB18 async control check  
The RAMB18E1 NVMeHostController4L_0/inst/user_top_inst0/nvme_pcie_inst0/dma_if_inst0/pcie_rx_dma_inst0/pcie_rx_cmd_fifo_inst0/ramb18sdp_0/genblk3_0.bram18_sdp_bl_3.bram18_sdp_bl_3 has an input control pin NVMeHostController4L_0/inst/user_top_inst0/nvme_pcie_inst0/dma_if_inst0/pcie_rx_dma_inst0/pcie_rx_cmd_fifo_inst0/ramb18sdp_0/genblk3_0.bram18_sdp_bl_3.bram18_sdp_bl_3/ADDRBWRADDR[7] (net: NVMeHostController4L_0/inst/user_top_inst0/nvme_pcie_inst0/dma_if_inst0/pcie_rx_dma_inst0/pcie_rx_cmd_fifo_inst0/ramb18sdp_0/Q[2]) which is driven by a register (NVMeHostController4L_0/inst/user_top_inst0/nvme_pcie_inst0/dma_if_inst0/pcie_rx_dma_inst0/pcie_rx_cmd_fifo_inst0/r_rear_addr_reg[2]) that has an active asychronous set or reset. This may cause corruption of the memory contents and/or read values when the set/reset is asserted and is not analyzed by the default static timing analysis. It is suggested to eliminate the use of a set/reset to registers driving this RAMB pin or else use a synchronous reset in which the assertion of the reset is timed by default.
Related violations: <none>

REQP-1840#13 Warning
RAMB18 async control check  
The RAMB18E1 NVMeHostController4L_0/inst/user_top_inst0/nvme_pcie_inst0/dma_if_inst0/pcie_rx_dma_inst0/pcie_rx_cmd_fifo_inst0/ramb18sdp_0/genblk3_0.bram18_sdp_bl_3.bram18_sdp_bl_3 has an input control pin NVMeHostController4L_0/inst/user_top_inst0/nvme_pcie_inst0/dma_if_inst0/pcie_rx_dma_inst0/pcie_rx_cmd_fifo_inst0/ramb18sdp_0/genblk3_0.bram18_sdp_bl_3.bram18_sdp_bl_3/ADDRBWRADDR[8] (net: NVMeHostController4L_0/inst/user_top_inst0/nvme_pcie_inst0/dma_if_inst0/pcie_rx_dma_inst0/pcie_rx_cmd_fifo_inst0/ramb18sdp_0/Q[3]) which is driven by a register (NVMeHostController4L_0/inst/user_top_inst0/nvme_pcie_inst0/dma_if_inst0/pcie_rx_dma_inst0/pcie_rx_cmd_fifo_inst0/r_rear_addr_reg[3]) that has an active asychronous set or reset. This may cause corruption of the memory contents and/or read values when the set/reset is asserted and is not analyzed by the default static timing analysis. It is suggested to eliminate the use of a set/reset to registers driving this RAMB pin or else use a synchronous reset in which the assertion of the reset is timed by default.
Related violations: <none>

REQP-1840#14 Warning
RAMB18 async control check  
The RAMB18E1 NVMeHostController4L_0/inst/user_top_inst0/nvme_pcie_inst0/dma_if_inst0/pcie_rx_dma_inst0/pcie_rx_cmd_fifo_inst0/ramb18sdp_0/genblk3_0.bram18_sdp_bl_3.bram18_sdp_bl_3 has an input control pin NVMeHostController4L_0/inst/user_top_inst0/nvme_pcie_inst0/dma_if_inst0/pcie_rx_dma_inst0/pcie_rx_cmd_fifo_inst0/ramb18sdp_0/genblk3_0.bram18_sdp_bl_3.bram18_sdp_bl_3/ADDRBWRADDR[9] (net: NVMeHostController4L_0/inst/user_top_inst0/nvme_pcie_inst0/dma_if_inst0/pcie_rx_dma_inst0/pcie_rx_cmd_fifo_inst0/ramb18sdp_0/Q[4]) which is driven by a register (NVMeHostController4L_0/inst/user_top_inst0/nvme_pcie_inst0/dma_if_inst0/pcie_rx_dma_inst0/pcie_rx_cmd_fifo_inst0/r_rear_addr_reg[4]) that has an active asychronous set or reset. This may cause corruption of the memory contents and/or read values when the set/reset is asserted and is not analyzed by the default static timing analysis. It is suggested to eliminate the use of a set/reset to registers driving this RAMB pin or else use a synchronous reset in which the assertion of the reset is timed by default.
Related violations: <none>

REQP-1840#15 Warning
RAMB18 async control check  
The RAMB18E1 NVMeHostController4L_0/inst/user_top_inst0/nvme_pcie_inst0/dma_if_inst0/pcie_tx_dma_inst0/pcie_tx_cmd_fifo_inst0/ramb18sdp_0/genblk3_0.bram18_sdp_bl_3.bram18_sdp_bl_3 has an input control pin NVMeHostController4L_0/inst/user_top_inst0/nvme_pcie_inst0/dma_if_inst0/pcie_tx_dma_inst0/pcie_tx_cmd_fifo_inst0/ramb18sdp_0/genblk3_0.bram18_sdp_bl_3.bram18_sdp_bl_3/ADDRBWRADDR[5] (net: NVMeHostController4L_0/inst/user_top_inst0/nvme_pcie_inst0/dma_if_inst0/pcie_tx_dma_inst0/pcie_tx_cmd_fifo_inst0/ramb18sdp_0/Q[0]) which is driven by a register (NVMeHostController4L_0/inst/user_top_inst0/nvme_pcie_inst0/dma_if_inst0/pcie_tx_dma_inst0/pcie_tx_cmd_fifo_inst0/r_rear_addr_reg[0]) that has an active asychronous set or reset. This may cause corruption of the memory contents and/or read values when the set/reset is asserted and is not analyzed by the default static timing analysis. It is suggested to eliminate the use of a set/reset to registers driving this RAMB pin or else use a synchronous reset in which the assertion of the reset is timed by default.
Related violations: <none>

REQP-1840#16 Warning
RAMB18 async control check  
The RAMB18E1 NVMeHostController4L_0/inst/user_top_inst0/nvme_pcie_inst0/dma_if_inst0/pcie_tx_dma_inst0/pcie_tx_cmd_fifo_inst0/ramb18sdp_0/genblk3_0.bram18_sdp_bl_3.bram18_sdp_bl_3 has an input control pin NVMeHostController4L_0/inst/user_top_inst0/nvme_pcie_inst0/dma_if_inst0/pcie_tx_dma_inst0/pcie_tx_cmd_fifo_inst0/ramb18sdp_0/genblk3_0.bram18_sdp_bl_3.bram18_sdp_bl_3/ADDRBWRADDR[6] (net: NVMeHostController4L_0/inst/user_top_inst0/nvme_pcie_inst0/dma_if_inst0/pcie_tx_dma_inst0/pcie_tx_cmd_fifo_inst0/ramb18sdp_0/Q[1]) which is driven by a register (NVMeHostController4L_0/inst/user_top_inst0/nvme_pcie_inst0/dma_if_inst0/pcie_tx_dma_inst0/pcie_tx_cmd_fifo_inst0/r_rear_addr_reg[1]) that has an active asychronous set or reset. This may cause corruption of the memory contents and/or read values when the set/reset is asserted and is not analyzed by the default static timing analysis. It is suggested to eliminate the use of a set/reset to registers driving this RAMB pin or else use a synchronous reset in which the assertion of the reset is timed by default.
Related violations: <none>

REQP-1840#17 Warning
RAMB18 async control check  
The RAMB18E1 NVMeHostController4L_0/inst/user_top_inst0/nvme_pcie_inst0/dma_if_inst0/pcie_tx_dma_inst0/pcie_tx_cmd_fifo_inst0/ramb18sdp_0/genblk3_0.bram18_sdp_bl_3.bram18_sdp_bl_3 has an input control pin NVMeHostController4L_0/inst/user_top_inst0/nvme_pcie_inst0/dma_if_inst0/pcie_tx_dma_inst0/pcie_tx_cmd_fifo_inst0/ramb18sdp_0/genblk3_0.bram18_sdp_bl_3.bram18_sdp_bl_3/ADDRBWRADDR[7] (net: NVMeHostController4L_0/inst/user_top_inst0/nvme_pcie_inst0/dma_if_inst0/pcie_tx_dma_inst0/pcie_tx_cmd_fifo_inst0/ramb18sdp_0/Q[2]) which is driven by a register (NVMeHostController4L_0/inst/user_top_inst0/nvme_pcie_inst0/dma_if_inst0/pcie_tx_dma_inst0/pcie_tx_cmd_fifo_inst0/r_rear_addr_reg[2]) that has an active asychronous set or reset. This may cause corruption of the memory contents and/or read values when the set/reset is asserted and is not analyzed by the default static timing analysis. It is suggested to eliminate the use of a set/reset to registers driving this RAMB pin or else use a synchronous reset in which the assertion of the reset is timed by default.
Related violations: <none>

REQP-1840#18 Warning
RAMB18 async control check  
The RAMB18E1 NVMeHostController4L_0/inst/user_top_inst0/nvme_pcie_inst0/dma_if_inst0/pcie_tx_dma_inst0/pcie_tx_cmd_fifo_inst0/ramb18sdp_0/genblk3_0.bram18_sdp_bl_3.bram18_sdp_bl_3 has an input control pin NVMeHostController4L_0/inst/user_top_inst0/nvme_pcie_inst0/dma_if_inst0/pcie_tx_dma_inst0/pcie_tx_cmd_fifo_inst0/ramb18sdp_0/genblk3_0.bram18_sdp_bl_3.bram18_sdp_bl_3/ADDRBWRADDR[8] (net: NVMeHostController4L_0/inst/user_top_inst0/nvme_pcie_inst0/dma_if_inst0/pcie_tx_dma_inst0/pcie_tx_cmd_fifo_inst0/ramb18sdp_0/Q[3]) which is driven by a register (NVMeHostController4L_0/inst/user_top_inst0/nvme_pcie_inst0/dma_if_inst0/pcie_tx_dma_inst0/pcie_tx_cmd_fifo_inst0/r_rear_addr_reg[3]) that has an active asychronous set or reset. This may cause corruption of the memory contents and/or read values when the set/reset is asserted and is not analyzed by the default static timing analysis. It is suggested to eliminate the use of a set/reset to registers driving this RAMB pin or else use a synchronous reset in which the assertion of the reset is timed by default.
Related violations: <none>

REQP-1840#19 Warning
RAMB18 async control check  
The RAMB18E1 NVMeHostController4L_0/inst/user_top_inst0/nvme_pcie_inst0/dma_if_inst0/pcie_tx_dma_inst0/pcie_tx_cmd_fifo_inst0/ramb18sdp_0/genblk3_0.bram18_sdp_bl_3.bram18_sdp_bl_3 has an input control pin NVMeHostController4L_0/inst/user_top_inst0/nvme_pcie_inst0/dma_if_inst0/pcie_tx_dma_inst0/pcie_tx_cmd_fifo_inst0/ramb18sdp_0/genblk3_0.bram18_sdp_bl_3.bram18_sdp_bl_3/ADDRBWRADDR[9] (net: NVMeHostController4L_0/inst/user_top_inst0/nvme_pcie_inst0/dma_if_inst0/pcie_tx_dma_inst0/pcie_tx_cmd_fifo_inst0/ramb18sdp_0/Q[4]) which is driven by a register (NVMeHostController4L_0/inst/user_top_inst0/nvme_pcie_inst0/dma_if_inst0/pcie_tx_dma_inst0/pcie_tx_cmd_fifo_inst0/r_rear_addr_reg[4]) that has an active asychronous set or reset. This may cause corruption of the memory contents and/or read values when the set/reset is asserted and is not analyzed by the default static timing analysis. It is suggested to eliminate the use of a set/reset to registers driving this RAMB pin or else use a synchronous reset in which the assertion of the reset is timed by default.
Related violations: <none>

REQP-1840#20 Warning
RAMB18 async control check  
The RAMB18E1 NVMeHostController4L_0/inst/user_top_inst0/nvme_pcie_inst0/pcie_hcmd_inst0/pcie_hcmd_sq_inst0/pcie_hcmd_sq_fifo_inst0/ramb18sdp_0/genblk3_0.bram18_sdp_bl_3.bram18_sdp_bl_3 has an input control pin NVMeHostController4L_0/inst/user_top_inst0/nvme_pcie_inst0/pcie_hcmd_inst0/pcie_hcmd_sq_inst0/pcie_hcmd_sq_fifo_inst0/ramb18sdp_0/genblk3_0.bram18_sdp_bl_3.bram18_sdp_bl_3/ADDRBWRADDR[10] (net: NVMeHostController4L_0/inst/user_top_inst0/nvme_pcie_inst0/pcie_hcmd_inst0/pcie_hcmd_sq_inst0/pcie_hcmd_sq_fifo_inst0/ramb18sdp_0/Q[5]) which is driven by a register (NVMeHostController4L_0/inst/user_top_inst0/nvme_pcie_inst0/pcie_hcmd_inst0/pcie_hcmd_sq_inst0/pcie_hcmd_sq_fifo_inst0/r_rear_addr_reg[5]) that has an active asychronous set or reset. This may cause corruption of the memory contents and/or read values when the set/reset is asserted and is not analyzed by the default static timing analysis. It is suggested to eliminate the use of a set/reset to registers driving this RAMB pin or else use a synchronous reset in which the assertion of the reset is timed by default.
Related violations: <none>

REQP-1840#21 Warning
RAMB18 async control check  
The RAMB18E1 NVMeHostController4L_0/inst/user_top_inst0/nvme_pcie_inst0/pcie_hcmd_inst0/pcie_hcmd_sq_inst0/pcie_hcmd_sq_fifo_inst0/ramb18sdp_0/genblk3_0.bram18_sdp_bl_3.bram18_sdp_bl_3 has an input control pin NVMeHostController4L_0/inst/user_top_inst0/nvme_pcie_inst0/pcie_hcmd_inst0/pcie_hcmd_sq_inst0/pcie_hcmd_sq_fifo_inst0/ramb18sdp_0/genblk3_0.bram18_sdp_bl_3.bram18_sdp_bl_3/ADDRBWRADDR[11] (net: NVMeHostController4L_0/inst/user_top_inst0/nvme_pcie_inst0/pcie_hcmd_inst0/pcie_hcmd_sq_inst0/pcie_hcmd_sq_fifo_inst0/ramb18sdp_0/Q[6]) which is driven by a register (NVMeHostController4L_0/inst/user_top_inst0/nvme_pcie_inst0/pcie_hcmd_inst0/pcie_hcmd_sq_inst0/pcie_hcmd_sq_fifo_inst0/r_rear_addr_reg[6]) that has an active asychronous set or reset. This may cause corruption of the memory contents and/or read values when the set/reset is asserted and is not analyzed by the default static timing analysis. It is suggested to eliminate the use of a set/reset to registers driving this RAMB pin or else use a synchronous reset in which the assertion of the reset is timed by default.
Related violations: <none>

REQP-1840#22 Warning
RAMB18 async control check  
The RAMB18E1 NVMeHostController4L_0/inst/user_top_inst0/nvme_pcie_inst0/pcie_hcmd_inst0/pcie_hcmd_sq_inst0/pcie_hcmd_sq_fifo_inst0/ramb18sdp_0/genblk3_0.bram18_sdp_bl_3.bram18_sdp_bl_3 has an input control pin NVMeHostController4L_0/inst/user_top_inst0/nvme_pcie_inst0/pcie_hcmd_inst0/pcie_hcmd_sq_inst0/pcie_hcmd_sq_fifo_inst0/ramb18sdp_0/genblk3_0.bram18_sdp_bl_3.bram18_sdp_bl_3/ADDRBWRADDR[5] (net: NVMeHostController4L_0/inst/user_top_inst0/nvme_pcie_inst0/pcie_hcmd_inst0/pcie_hcmd_sq_inst0/pcie_hcmd_sq_fifo_inst0/ramb18sdp_0/Q[0]) which is driven by a register (NVMeHostController4L_0/inst/user_top_inst0/nvme_pcie_inst0/pcie_hcmd_inst0/pcie_hcmd_sq_inst0/pcie_hcmd_sq_fifo_inst0/r_rear_addr_reg[0]) that has an active asychronous set or reset. This may cause corruption of the memory contents and/or read values when the set/reset is asserted and is not analyzed by the default static timing analysis. It is suggested to eliminate the use of a set/reset to registers driving this RAMB pin or else use a synchronous reset in which the assertion of the reset is timed by default.
Related violations: <none>

REQP-1840#23 Warning
RAMB18 async control check  
The RAMB18E1 NVMeHostController4L_0/inst/user_top_inst0/nvme_pcie_inst0/pcie_hcmd_inst0/pcie_hcmd_sq_inst0/pcie_hcmd_sq_fifo_inst0/ramb18sdp_0/genblk3_0.bram18_sdp_bl_3.bram18_sdp_bl_3 has an input control pin NVMeHostController4L_0/inst/user_top_inst0/nvme_pcie_inst0/pcie_hcmd_inst0/pcie_hcmd_sq_inst0/pcie_hcmd_sq_fifo_inst0/ramb18sdp_0/genblk3_0.bram18_sdp_bl_3.bram18_sdp_bl_3/ADDRBWRADDR[6] (net: NVMeHostController4L_0/inst/user_top_inst0/nvme_pcie_inst0/pcie_hcmd_inst0/pcie_hcmd_sq_inst0/pcie_hcmd_sq_fifo_inst0/ramb18sdp_0/Q[1]) which is driven by a register (NVMeHostController4L_0/inst/user_top_inst0/nvme_pcie_inst0/pcie_hcmd_inst0/pcie_hcmd_sq_inst0/pcie_hcmd_sq_fifo_inst0/r_rear_addr_reg[1]) that has an active asychronous set or reset. This may cause corruption of the memory contents and/or read values when the set/reset is asserted and is not analyzed by the default static timing analysis. It is suggested to eliminate the use of a set/reset to registers driving this RAMB pin or else use a synchronous reset in which the assertion of the reset is timed by default.
Related violations: <none>

REQP-1840#24 Warning
RAMB18 async control check  
The RAMB18E1 NVMeHostController4L_0/inst/user_top_inst0/nvme_pcie_inst0/pcie_hcmd_inst0/pcie_hcmd_sq_inst0/pcie_hcmd_sq_fifo_inst0/ramb18sdp_0/genblk3_0.bram18_sdp_bl_3.bram18_sdp_bl_3 has an input control pin NVMeHostController4L_0/inst/user_top_inst0/nvme_pcie_inst0/pcie_hcmd_inst0/pcie_hcmd_sq_inst0/pcie_hcmd_sq_fifo_inst0/ramb18sdp_0/genblk3_0.bram18_sdp_bl_3.bram18_sdp_bl_3/ADDRBWRADDR[7] (net: NVMeHostController4L_0/inst/user_top_inst0/nvme_pcie_inst0/pcie_hcmd_inst0/pcie_hcmd_sq_inst0/pcie_hcmd_sq_fifo_inst0/ramb18sdp_0/Q[2]) which is driven by a register (NVMeHostController4L_0/inst/user_top_inst0/nvme_pcie_inst0/pcie_hcmd_inst0/pcie_hcmd_sq_inst0/pcie_hcmd_sq_fifo_inst0/r_rear_addr_reg[2]) that has an active asychronous set or reset. This may cause corruption of the memory contents and/or read values when the set/reset is asserted and is not analyzed by the default static timing analysis. It is suggested to eliminate the use of a set/reset to registers driving this RAMB pin or else use a synchronous reset in which the assertion of the reset is timed by default.
Related violations: <none>

REQP-1840#25 Warning
RAMB18 async control check  
The RAMB18E1 NVMeHostController4L_0/inst/user_top_inst0/nvme_pcie_inst0/pcie_hcmd_inst0/pcie_hcmd_sq_inst0/pcie_hcmd_sq_fifo_inst0/ramb18sdp_0/genblk3_0.bram18_sdp_bl_3.bram18_sdp_bl_3 has an input control pin NVMeHostController4L_0/inst/user_top_inst0/nvme_pcie_inst0/pcie_hcmd_inst0/pcie_hcmd_sq_inst0/pcie_hcmd_sq_fifo_inst0/ramb18sdp_0/genblk3_0.bram18_sdp_bl_3.bram18_sdp_bl_3/ADDRBWRADDR[8] (net: NVMeHostController4L_0/inst/user_top_inst0/nvme_pcie_inst0/pcie_hcmd_inst0/pcie_hcmd_sq_inst0/pcie_hcmd_sq_fifo_inst0/ramb18sdp_0/Q[3]) which is driven by a register (NVMeHostController4L_0/inst/user_top_inst0/nvme_pcie_inst0/pcie_hcmd_inst0/pcie_hcmd_sq_inst0/pcie_hcmd_sq_fifo_inst0/r_rear_addr_reg[3]) that has an active asychronous set or reset. This may cause corruption of the memory contents and/or read values when the set/reset is asserted and is not analyzed by the default static timing analysis. It is suggested to eliminate the use of a set/reset to registers driving this RAMB pin or else use a synchronous reset in which the assertion of the reset is timed by default.
Related violations: <none>

REQP-1840#26 Warning
RAMB18 async control check  
The RAMB18E1 NVMeHostController4L_0/inst/user_top_inst0/nvme_pcie_inst0/pcie_hcmd_inst0/pcie_hcmd_sq_inst0/pcie_hcmd_sq_fifo_inst0/ramb18sdp_0/genblk3_0.bram18_sdp_bl_3.bram18_sdp_bl_3 has an input control pin NVMeHostController4L_0/inst/user_top_inst0/nvme_pcie_inst0/pcie_hcmd_inst0/pcie_hcmd_sq_inst0/pcie_hcmd_sq_fifo_inst0/ramb18sdp_0/genblk3_0.bram18_sdp_bl_3.bram18_sdp_bl_3/ADDRBWRADDR[9] (net: NVMeHostController4L_0/inst/user_top_inst0/nvme_pcie_inst0/pcie_hcmd_inst0/pcie_hcmd_sq_inst0/pcie_hcmd_sq_fifo_inst0/ramb18sdp_0/Q[4]) which is driven by a register (NVMeHostController4L_0/inst/user_top_inst0/nvme_pcie_inst0/pcie_hcmd_inst0/pcie_hcmd_sq_inst0/pcie_hcmd_sq_fifo_inst0/r_rear_addr_reg[4]) that has an active asychronous set or reset. This may cause corruption of the memory contents and/or read values when the set/reset is asserted and is not analyzed by the default static timing analysis. It is suggested to eliminate the use of a set/reset to registers driving this RAMB pin or else use a synchronous reset in which the assertion of the reset is timed by default.
Related violations: <none>

REQP-1840#27 Warning
RAMB18 async control check  
The RAMB18E1 NVMeHostController4L_0/inst/user_top_inst0/nvme_pcie_inst0/pcie_hcmd_inst0/pcie_hcmd_sq_inst0/pcie_sq_cmd_fifo_inst0/ramb18sdp_0/genblk3_0.bram18_dp_bl.bram18_tdp_bl has an input control pin NVMeHostController4L_0/inst/user_top_inst0/nvme_pcie_inst0/pcie_hcmd_inst0/pcie_hcmd_sq_inst0/pcie_sq_cmd_fifo_inst0/ramb18sdp_0/genblk3_0.bram18_dp_bl.bram18_tdp_bl/ADDRBWRADDR[4] (net: NVMeHostController4L_0/inst/user_top_inst0/nvme_pcie_inst0/pcie_hcmd_inst0/pcie_hcmd_sq_inst0/pcie_sq_cmd_fifo_inst0/ramb18sdp_0/Q[0]) which is driven by a register (NVMeHostController4L_0/inst/user_top_inst0/nvme_pcie_inst0/pcie_hcmd_inst0/pcie_hcmd_sq_inst0/pcie_sq_cmd_fifo_inst0/r_rear_addr_reg[0]) that has an active asychronous set or reset. This may cause corruption of the memory contents and/or read values when the set/reset is asserted and is not analyzed by the default static timing analysis. It is suggested to eliminate the use of a set/reset to registers driving this RAMB pin or else use a synchronous reset in which the assertion of the reset is timed by default.
Related violations: <none>

REQP-1840#28 Warning
RAMB18 async control check  
The RAMB18E1 NVMeHostController4L_0/inst/user_top_inst0/nvme_pcie_inst0/pcie_hcmd_inst0/pcie_hcmd_sq_inst0/pcie_sq_cmd_fifo_inst0/ramb18sdp_0/genblk3_0.bram18_dp_bl.bram18_tdp_bl has an input control pin NVMeHostController4L_0/inst/user_top_inst0/nvme_pcie_inst0/pcie_hcmd_inst0/pcie_hcmd_sq_inst0/pcie_sq_cmd_fifo_inst0/ramb18sdp_0/genblk3_0.bram18_dp_bl.bram18_tdp_bl/ADDRBWRADDR[5] (net: NVMeHostController4L_0/inst/user_top_inst0/nvme_pcie_inst0/pcie_hcmd_inst0/pcie_hcmd_sq_inst0/pcie_sq_cmd_fifo_inst0/ramb18sdp_0/Q[1]) which is driven by a register (NVMeHostController4L_0/inst/user_top_inst0/nvme_pcie_inst0/pcie_hcmd_inst0/pcie_hcmd_sq_inst0/pcie_sq_cmd_fifo_inst0/r_rear_addr_reg[1]) that has an active asychronous set or reset. This may cause corruption of the memory contents and/or read values when the set/reset is asserted and is not analyzed by the default static timing analysis. It is suggested to eliminate the use of a set/reset to registers driving this RAMB pin or else use a synchronous reset in which the assertion of the reset is timed by default.
Related violations: <none>

REQP-1840#29 Warning
RAMB18 async control check  
The RAMB18E1 NVMeHostController4L_0/inst/user_top_inst0/s_axi_top_inst0/m_axi_dma_inst0/dev_rx_cmd_fifo_inst0/ramb18sdp_0/genblk3_0.bram18_sdp_bl_3.bram18_sdp_bl_3 has an input control pin NVMeHostController4L_0/inst/user_top_inst0/s_axi_top_inst0/m_axi_dma_inst0/dev_rx_cmd_fifo_inst0/ramb18sdp_0/genblk3_0.bram18_sdp_bl_3.bram18_sdp_bl_3/ADDRBWRADDR[5] (net: NVMeHostController4L_0/inst/user_top_inst0/s_axi_top_inst0/m_axi_dma_inst0/dev_rx_cmd_fifo_inst0/ramb18sdp_0/Q[0]) which is driven by a register (NVMeHostController4L_0/inst/user_top_inst0/s_axi_top_inst0/m_axi_dma_inst0/dev_rx_cmd_fifo_inst0/r_rear_addr_reg[0]) that has an active asychronous set or reset. This may cause corruption of the memory contents and/or read values when the set/reset is asserted and is not analyzed by the default static timing analysis. It is suggested to eliminate the use of a set/reset to registers driving this RAMB pin or else use a synchronous reset in which the assertion of the reset is timed by default.
Related violations: <none>

REQP-1840#30 Warning
RAMB18 async control check  
The RAMB18E1 NVMeHostController4L_0/inst/user_top_inst0/s_axi_top_inst0/m_axi_dma_inst0/dev_rx_cmd_fifo_inst0/ramb18sdp_0/genblk3_0.bram18_sdp_bl_3.bram18_sdp_bl_3 has an input control pin NVMeHostController4L_0/inst/user_top_inst0/s_axi_top_inst0/m_axi_dma_inst0/dev_rx_cmd_fifo_inst0/ramb18sdp_0/genblk3_0.bram18_sdp_bl_3.bram18_sdp_bl_3/ADDRBWRADDR[6] (net: NVMeHostController4L_0/inst/user_top_inst0/s_axi_top_inst0/m_axi_dma_inst0/dev_rx_cmd_fifo_inst0/ramb18sdp_0/Q[1]) which is driven by a register (NVMeHostController4L_0/inst/user_top_inst0/s_axi_top_inst0/m_axi_dma_inst0/dev_rx_cmd_fifo_inst0/r_rear_addr_reg[1]) that has an active asychronous set or reset. This may cause corruption of the memory contents and/or read values when the set/reset is asserted and is not analyzed by the default static timing analysis. It is suggested to eliminate the use of a set/reset to registers driving this RAMB pin or else use a synchronous reset in which the assertion of the reset is timed by default.
Related violations: <none>

REQP-1840#31 Warning
RAMB18 async control check  
The RAMB18E1 NVMeHostController4L_0/inst/user_top_inst0/s_axi_top_inst0/m_axi_dma_inst0/dev_rx_cmd_fifo_inst0/ramb18sdp_0/genblk3_0.bram18_sdp_bl_3.bram18_sdp_bl_3 has an input control pin NVMeHostController4L_0/inst/user_top_inst0/s_axi_top_inst0/m_axi_dma_inst0/dev_rx_cmd_fifo_inst0/ramb18sdp_0/genblk3_0.bram18_sdp_bl_3.bram18_sdp_bl_3/ADDRBWRADDR[7] (net: NVMeHostController4L_0/inst/user_top_inst0/s_axi_top_inst0/m_axi_dma_inst0/dev_rx_cmd_fifo_inst0/ramb18sdp_0/Q[2]) which is driven by a register (NVMeHostController4L_0/inst/user_top_inst0/s_axi_top_inst0/m_axi_dma_inst0/dev_rx_cmd_fifo_inst0/r_rear_addr_reg[2]) that has an active asychronous set or reset. This may cause corruption of the memory contents and/or read values when the set/reset is asserted and is not analyzed by the default static timing analysis. It is suggested to eliminate the use of a set/reset to registers driving this RAMB pin or else use a synchronous reset in which the assertion of the reset is timed by default.
Related violations: <none>

REQP-1840#32 Warning
RAMB18 async control check  
The RAMB18E1 NVMeHostController4L_0/inst/user_top_inst0/s_axi_top_inst0/m_axi_dma_inst0/dev_rx_cmd_fifo_inst0/ramb18sdp_0/genblk3_0.bram18_sdp_bl_3.bram18_sdp_bl_3 has an input control pin NVMeHostController4L_0/inst/user_top_inst0/s_axi_top_inst0/m_axi_dma_inst0/dev_rx_cmd_fifo_inst0/ramb18sdp_0/genblk3_0.bram18_sdp_bl_3.bram18_sdp_bl_3/ADDRBWRADDR[8] (net: NVMeHostController4L_0/inst/user_top_inst0/s_axi_top_inst0/m_axi_dma_inst0/dev_rx_cmd_fifo_inst0/ramb18sdp_0/Q[3]) which is driven by a register (NVMeHostController4L_0/inst/user_top_inst0/s_axi_top_inst0/m_axi_dma_inst0/dev_rx_cmd_fifo_inst0/r_rear_addr_reg[3]) that has an active asychronous set or reset. This may cause corruption of the memory contents and/or read values when the set/reset is asserted and is not analyzed by the default static timing analysis. It is suggested to eliminate the use of a set/reset to registers driving this RAMB pin or else use a synchronous reset in which the assertion of the reset is timed by default.
Related violations: <none>

REQP-1840#33 Warning
RAMB18 async control check  
The RAMB18E1 NVMeHostController4L_0/inst/user_top_inst0/s_axi_top_inst0/m_axi_dma_inst0/dev_tx_cmd_fifo_inst0/ramb18sdp_0/genblk3_0.bram18_sdp_bl_3.bram18_sdp_bl_3 has an input control pin NVMeHostController4L_0/inst/user_top_inst0/s_axi_top_inst0/m_axi_dma_inst0/dev_tx_cmd_fifo_inst0/ramb18sdp_0/genblk3_0.bram18_sdp_bl_3.bram18_sdp_bl_3/ADDRBWRADDR[5] (net: NVMeHostController4L_0/inst/user_top_inst0/s_axi_top_inst0/m_axi_dma_inst0/dev_tx_cmd_fifo_inst0/ramb18sdp_0/Q[0]) which is driven by a register (NVMeHostController4L_0/inst/user_top_inst0/s_axi_top_inst0/m_axi_dma_inst0/dev_tx_cmd_fifo_inst0/r_rear_addr_reg[0]) that has an active asychronous set or reset. This may cause corruption of the memory contents and/or read values when the set/reset is asserted and is not analyzed by the default static timing analysis. It is suggested to eliminate the use of a set/reset to registers driving this RAMB pin or else use a synchronous reset in which the assertion of the reset is timed by default.
Related violations: <none>

REQP-1840#34 Warning
RAMB18 async control check  
The RAMB18E1 NVMeHostController4L_0/inst/user_top_inst0/s_axi_top_inst0/m_axi_dma_inst0/dev_tx_cmd_fifo_inst0/ramb18sdp_0/genblk3_0.bram18_sdp_bl_3.bram18_sdp_bl_3 has an input control pin NVMeHostController4L_0/inst/user_top_inst0/s_axi_top_inst0/m_axi_dma_inst0/dev_tx_cmd_fifo_inst0/ramb18sdp_0/genblk3_0.bram18_sdp_bl_3.bram18_sdp_bl_3/ADDRBWRADDR[6] (net: NVMeHostController4L_0/inst/user_top_inst0/s_axi_top_inst0/m_axi_dma_inst0/dev_tx_cmd_fifo_inst0/ramb18sdp_0/Q[1]) which is driven by a register (NVMeHostController4L_0/inst/user_top_inst0/s_axi_top_inst0/m_axi_dma_inst0/dev_tx_cmd_fifo_inst0/r_rear_addr_reg[1]) that has an active asychronous set or reset. This may cause corruption of the memory contents and/or read values when the set/reset is asserted and is not analyzed by the default static timing analysis. It is suggested to eliminate the use of a set/reset to registers driving this RAMB pin or else use a synchronous reset in which the assertion of the reset is timed by default.
Related violations: <none>

REQP-1840#35 Warning
RAMB18 async control check  
The RAMB18E1 NVMeHostController4L_0/inst/user_top_inst0/s_axi_top_inst0/m_axi_dma_inst0/dev_tx_cmd_fifo_inst0/ramb18sdp_0/genblk3_0.bram18_sdp_bl_3.bram18_sdp_bl_3 has an input control pin NVMeHostController4L_0/inst/user_top_inst0/s_axi_top_inst0/m_axi_dma_inst0/dev_tx_cmd_fifo_inst0/ramb18sdp_0/genblk3_0.bram18_sdp_bl_3.bram18_sdp_bl_3/ADDRBWRADDR[7] (net: NVMeHostController4L_0/inst/user_top_inst0/s_axi_top_inst0/m_axi_dma_inst0/dev_tx_cmd_fifo_inst0/ramb18sdp_0/Q[2]) which is driven by a register (NVMeHostController4L_0/inst/user_top_inst0/s_axi_top_inst0/m_axi_dma_inst0/dev_tx_cmd_fifo_inst0/r_rear_addr_reg[2]) that has an active asychronous set or reset. This may cause corruption of the memory contents and/or read values when the set/reset is asserted and is not analyzed by the default static timing analysis. It is suggested to eliminate the use of a set/reset to registers driving this RAMB pin or else use a synchronous reset in which the assertion of the reset is timed by default.
Related violations: <none>

REQP-1840#36 Warning
RAMB18 async control check  
The RAMB18E1 NVMeHostController4L_0/inst/user_top_inst0/s_axi_top_inst0/m_axi_dma_inst0/dev_tx_cmd_fifo_inst0/ramb18sdp_0/genblk3_0.bram18_sdp_bl_3.bram18_sdp_bl_3 has an input control pin NVMeHostController4L_0/inst/user_top_inst0/s_axi_top_inst0/m_axi_dma_inst0/dev_tx_cmd_fifo_inst0/ramb18sdp_0/genblk3_0.bram18_sdp_bl_3.bram18_sdp_bl_3/ADDRBWRADDR[8] (net: NVMeHostController4L_0/inst/user_top_inst0/s_axi_top_inst0/m_axi_dma_inst0/dev_tx_cmd_fifo_inst0/ramb18sdp_0/Q[3]) which is driven by a register (NVMeHostController4L_0/inst/user_top_inst0/s_axi_top_inst0/m_axi_dma_inst0/dev_tx_cmd_fifo_inst0/r_rear_addr_reg[3]) that has an active asychronous set or reset. This may cause corruption of the memory contents and/or read values when the set/reset is asserted and is not analyzed by the default static timing analysis. It is suggested to eliminate the use of a set/reset to registers driving this RAMB pin or else use a synchronous reset in which the assertion of the reset is timed by default.
Related violations: <none>


